CMake Deprecation Warning at /contrib/spack-stack/spack-stack-1.9.3/envs/ue-oneapi-2024.2.1/install/oneapi/2024.2.1/ecbuild-3.7.2-qa3xshv/share/ecbuild/cmake/ecbuild_project.cmake:44 (cmake_minimum_required):
  Compatibility with CMake < 3.5 will be removed from a future version of
  CMake.

  Update the VERSION argument <min> value or use a ...<max> suffix to tell
  CMake that the project does not need compatibility with older versions.
Call Stack (most recent call first):
  CMakeLists.txt:8 (project)


-- ecbuild   3.7.2	/contrib/spack-stack/spack-stack-1.9.3/envs/ue-oneapi-2024.2.1/install/oneapi/2024.2.1/ecbuild-3.7.2-qa3xshv/share/ecbuild/cmake
-- cmake     3.27.9	/contrib/spack-stack/spack-stack-1.9.3/envs/ue-oneapi-2024.2.1/install/oneapi/2024.2.1/cmake-3.27.9-ggd7nbu/bin/cmake
-- ---------------------------------------------------------
-- ---------------------------------------------------------
-- ---------------------------------------------------------
-- [32m[jedi-bundle] (8.0.0) [807fdf6][m
-- Feature TESTS enabled
-- Feature TESTS enabled
-- ---------------------------------------------------------
-- Adding bundle project gsibec
failed to create symbolic link '/scratch3/NCEPDEV/fv3-cam/Ting.Lei/dr-debug/jedi-bundle/gsibec' because existing path cannot be removed: Is a directory
-- ---------------------------------------------------------
-- [32m[gsibec] (1.3.2) [859dd68][m
-- Feature TESTS enabled
-- Found MPI: TRUE (found version "3.1") found components: Fortran 
-- Found MPI: TRUE (found version "3.1")  
-- Found NetCDF: /contrib/spack-stack/spack-stack-1.9.3/envs/ue-oneapi-2024.2.1/install/oneapi/2024.2.1/netcdf-c-4.9.2-j7soiat/include;/contrib/spack-stack/spack-stack-1.9.3/envs/ue-oneapi-2024.2.1/install/oneapi/2024.2.1/netcdf-fortran-4.6.1-mcqlwg2/include;/contrib/spack-stack/spack-stack-1.9.3/envs/ue-oneapi-2024.2.1/install/oneapi/2024.2.1/netcdf-cxx4-4.3.1-cuu24rq/include (found version "4.9.2") found components: Fortran 
-- FindNetCDF defines targets:
--   - NetCDF_VERSION [4.9.2]
--   - NetCDF_PARALLEL [TRUE]
--   - NetCDF_C_CONFIG_EXECUTABLE [/contrib/spack-stack/spack-stack-1.9.3/envs/ue-oneapi-2024.2.1/install/oneapi/2024.2.1/netcdf-c-4.9.2-j7soiat/bin/nc-config]
--   - NetCDF::NetCDF_C [SHARED] [Root: /contrib/spack-stack/spack-stack-1.9.3/envs/ue-oneapi-2024.2.1/install/oneapi/2024.2.1/netcdf-c-4.9.2-j7soiat] Lib: /contrib/spack-stack/spack-stack-1.9.3/envs/ue-oneapi-2024.2.1/install/oneapi/2024.2.1/netcdf-c-4.9.2-j7soiat/lib/libnetcdf.so 
--   - NetCDF_Fortran_CONFIG_EXECUTABLE [/contrib/spack-stack/spack-stack-1.9.3/envs/ue-oneapi-2024.2.1/install/oneapi/2024.2.1/netcdf-fortran-4.6.1-mcqlwg2/bin/nf-config]
--   - NetCDF::NetCDF_Fortran [SHARED] [Root: /contrib/spack-stack/spack-stack-1.9.3/envs/ue-oneapi-2024.2.1/install/oneapi/2024.2.1/netcdf-fortran-4.6.1-mcqlwg2] Lib: /contrib/spack-stack/spack-stack-1.9.3/envs/ue-oneapi-2024.2.1/install/oneapi/2024.2.1/netcdf-fortran-4.6.1-mcqlwg2/lib/libnetcdff.so 
-- Found sp: /contrib/spack-stack/spack-stack-1.9.3/envs/ue-oneapi-2024.2.1/install/oneapi/2024.2.1/sp-2.5.0-jtep3du/lib64/libsp_4.a (found version "2.5.0")
-- ---------------------------------------------------------
-- Adding bundle project gsw
-- ---------------------------------------------------------
-- [32m[gsw] (3.0.8) [697cbeb][m
-- Feature TESTS enabled
-- ---------------------------------------------------------
-- Adding bundle project oops
failed to create symbolic link '/scratch3/NCEPDEV/fv3-cam/Ting.Lei/dr-debug/jedi-bundle/oops' because existing path cannot be removed: Is a directory
-- ---------------------------------------------------------
-- [32m[oops] (1.10.0) [26643dd][m
-- Feature TESTS enabled
-- Feature WARNINGS enabled
-- Added CXX flag [-Wall]
-- Added CXX flag [-Wno-sign-compare]
-- Added Fortran flag [-warn]
-- Added CXX flag [-fp-model=precise] to build type DEBUG
-- Added Fortran flag [-ftrapuv -fp-model=precise -fpe-all=0] to build type DEBUG
-- Found OpenMP_CXX: -fiopenmp (found version "5.1") 
-- Found OpenMP: TRUE (found version "5.1") found components: CXX Fortran 
-- Found MPI: TRUE (found version "3.1") found components: C CXX Fortran 
-- Found MPI: TRUE (found version "3.1")  
-- Found NetCDF: /contrib/spack-stack/spack-stack-1.9.3/envs/ue-oneapi-2024.2.1/install/oneapi/2024.2.1/netcdf-c-4.9.2-j7soiat/include;/contrib/spack-stack/spack-stack-1.9.3/envs/ue-oneapi-2024.2.1/install/oneapi/2024.2.1/netcdf-fortran-4.6.1-mcqlwg2/include;/contrib/spack-stack/spack-stack-1.9.3/envs/ue-oneapi-2024.2.1/install/oneapi/2024.2.1/netcdf-cxx4-4.3.1-cuu24rq/include (found version "4.9.2") found components: C Fortran 
-- FindNetCDF defines targets:
--   - NetCDF_VERSION [4.9.2]
--   - NetCDF_PARALLEL [TRUE]
--   - NetCDF_C_CONFIG_EXECUTABLE [/contrib/spack-stack/spack-stack-1.9.3/envs/ue-oneapi-2024.2.1/install/oneapi/2024.2.1/netcdf-c-4.9.2-j7soiat/bin/nc-config]
--   - NetCDF::NetCDF_C [SHARED] [Root: /contrib/spack-stack/spack-stack-1.9.3/envs/ue-oneapi-2024.2.1/install/oneapi/2024.2.1/netcdf-c-4.9.2-j7soiat] Lib: /contrib/spack-stack/spack-stack-1.9.3/envs/ue-oneapi-2024.2.1/install/oneapi/2024.2.1/netcdf-c-4.9.2-j7soiat/lib/libnetcdf.so 
--   - NetCDF_Fortran_CONFIG_EXECUTABLE [/contrib/spack-stack/spack-stack-1.9.3/envs/ue-oneapi-2024.2.1/install/oneapi/2024.2.1/netcdf-fortran-4.6.1-mcqlwg2/bin/nf-config]
--   - NetCDF::NetCDF_Fortran [SHARED] [Root: /contrib/spack-stack/spack-stack-1.9.3/envs/ue-oneapi-2024.2.1/install/oneapi/2024.2.1/netcdf-fortran-4.6.1-mcqlwg2] Lib: /contrib/spack-stack/spack-stack-1.9.3/envs/ue-oneapi-2024.2.1/install/oneapi/2024.2.1/netcdf-fortran-4.6.1-mcqlwg2/lib/libnetcdff.so 
CMake Warning (dev) at oops/CMakeLists.txt:63 (find_package):
  Policy CMP0144 is not set: find_package uses upper-case <PACKAGENAME>_ROOT
  variables.  Run "cmake --help-policy CMP0144" for policy details.  Use the
  cmake_policy command to set the policy and suppress this warning.

  Environment variable BOOST_ROOT is set to:

    /contrib/spack-stack/spack-stack-1.9.3/envs/ue-oneapi-2024.2.1/install/oneapi/2024.2.1/boost-1.84.0-nevx737

  For compatibility, find_package is ignoring the variable, but code in a
  .cmake module might still use it.
This warning is for project developers.  Use -Wno-dev to suppress it.

-- Found OpenMP_CXX: -fiopenmp (found version "5.1") 
-- Found OpenMP: TRUE (found version "5.1") found components: CXX 
-- Found addr2line at /usr/bin/addr2line.
-- Using this provider for stacktraces: default.
-- [OOPS] JSON Schema Validator activated.
-- ---------------------------------------------------------
-- Adding bundle project jedi-model-data
-- ---------------------------------------------------------
-- [32m[jedi-model-data] (1.0.0) [8288047][m
-- Feature TESTS enabled
-- ---------------------------------------------------------
-- Adding bundle project vader
-- ---------------------------------------------------------
-- [32m[vader] (1.7.0) [013de71][m
-- Feature TESTS enabled
-- VADER variables
--   - ENABLE_VADER_DOC: OFF
--   - OPENMP: ON
CMake Warning (dev) at vader/CMakeLists.txt:32 (find_package):
  Policy CMP0144 is not set: find_package uses upper-case <PACKAGENAME>_ROOT
  variables.  Run "cmake --help-policy CMP0144" for policy details.  Use the
  cmake_policy command to set the policy and suppress this warning.

  Environment variable BOOST_ROOT is set to:

    /contrib/spack-stack/spack-stack-1.9.3/envs/ue-oneapi-2024.2.1/install/oneapi/2024.2.1/boost-1.84.0-nevx737

  For compatibility, find_package is ignoring the variable, but code in a
  .cmake module might still use it.
This warning is for project developers.  Use -Wno-dev to suppress it.

-- Found MPI: TRUE (found version "3.1") found components: C Fortran 
-- Found OpenMP_CXX: -fiopenmp (found version "5.1") 
-- Found OpenMP: TRUE (found version "5.1") found components: CXX Fortran 
-- Found MPI: TRUE (found version "3.1") found components: CXX Fortran 
-- Found OpenMP_CXX: -fiopenmp (found version "5.1") 
-- Found OpenMP: TRUE (found version "5.1") found components: CXX 
-- Found MPI: TRUE (found version "3.1")  
-- Found NetCDF: /contrib/spack-stack/spack-stack-1.9.3/envs/ue-oneapi-2024.2.1/install/oneapi/2024.2.1/netcdf-c-4.9.2-j7soiat/include;/contrib/spack-stack/spack-stack-1.9.3/envs/ue-oneapi-2024.2.1/install/oneapi/2024.2.1/netcdf-fortran-4.6.1-mcqlwg2/include;/contrib/spack-stack/spack-stack-1.9.3/envs/ue-oneapi-2024.2.1/install/oneapi/2024.2.1/netcdf-cxx4-4.3.1-cuu24rq/include (found version "4.9.2") found components: C Fortran 
-- FindNetCDF defines targets:
--   - NetCDF_VERSION [4.9.2]
--   - NetCDF_PARALLEL [TRUE]
--   - NetCDF_C_CONFIG_EXECUTABLE [/contrib/spack-stack/spack-stack-1.9.3/envs/ue-oneapi-2024.2.1/install/oneapi/2024.2.1/netcdf-c-4.9.2-j7soiat/bin/nc-config]
--   - NetCDF::NetCDF_C [SHARED] [Root: /contrib/spack-stack/spack-stack-1.9.3/envs/ue-oneapi-2024.2.1/install/oneapi/2024.2.1/netcdf-c-4.9.2-j7soiat] Lib: /contrib/spack-stack/spack-stack-1.9.3/envs/ue-oneapi-2024.2.1/install/oneapi/2024.2.1/netcdf-c-4.9.2-j7soiat/lib/libnetcdf.so 
--   - NetCDF_Fortran_CONFIG_EXECUTABLE [/contrib/spack-stack/spack-stack-1.9.3/envs/ue-oneapi-2024.2.1/install/oneapi/2024.2.1/netcdf-fortran-4.6.1-mcqlwg2/bin/nf-config]
--   - NetCDF::NetCDF_Fortran [SHARED] [Root: /contrib/spack-stack/spack-stack-1.9.3/envs/ue-oneapi-2024.2.1/install/oneapi/2024.2.1/netcdf-fortran-4.6.1-mcqlwg2] Lib: /contrib/spack-stack/spack-stack-1.9.3/envs/ue-oneapi-2024.2.1/install/oneapi/2024.2.1/netcdf-fortran-4.6.1-mcqlwg2/lib/libnetcdff.so 
-- Found OpenMP_CXX: -fiopenmp (found version "5.1") 
-- GSW FOUND; Including Marine Recipes gsw (3.0.8)
-- jedi-model-data found; building vader tests
-- ---------------------------------------------------------
-- Adding bundle project saber
failed to create symbolic link '/scratch3/NCEPDEV/fv3-cam/Ting.Lei/dr-debug/jedi-bundle/saber' because existing path cannot be removed: Is a directory
-- ---------------------------------------------------------
-- [32m[saber] (1.10.0) [4dab876][m
-- Feature TESTS enabled
-- Feature WARNINGS enabled
-- Added CXX flag [-Wall]
-- Added CXX flag [-Wno-sign-compare]
-- Added Fortran flag [-warn]
-- Added CXX flag [-fp-model=precise] to build type DEBUG
-- Added Fortran flag [-ftrapuv -fp-model=precise -fpe-all=0] to build type DEBUG
-- Found OpenMP_CXX: -fiopenmp (found version "5.1") 
-- Found OpenMP: TRUE (found version "5.1") found components: CXX Fortran 
-- Found MPI: TRUE (found version "3.1") found components: Fortran 
-- Found MPI: TRUE (found version "3.1")  
-- Found NetCDF: /contrib/spack-stack/spack-stack-1.9.3/envs/ue-oneapi-2024.2.1/install/oneapi/2024.2.1/netcdf-c-4.9.2-j7soiat/include;/contrib/spack-stack/spack-stack-1.9.3/envs/ue-oneapi-2024.2.1/install/oneapi/2024.2.1/netcdf-fortran-4.6.1-mcqlwg2/include;/contrib/spack-stack/spack-stack-1.9.3/envs/ue-oneapi-2024.2.1/install/oneapi/2024.2.1/netcdf-cxx4-4.3.1-cuu24rq/include (found version "4.9.2") found components: C Fortran 
-- FindNetCDF defines targets:
--   - NetCDF_VERSION [4.9.2]
--   - NetCDF_PARALLEL [TRUE]
--   - NetCDF_C_CONFIG_EXECUTABLE [/contrib/spack-stack/spack-stack-1.9.3/envs/ue-oneapi-2024.2.1/install/oneapi/2024.2.1/netcdf-c-4.9.2-j7soiat/bin/nc-config]
--   - NetCDF::NetCDF_C [SHARED] [Root: /contrib/spack-stack/spack-stack-1.9.3/envs/ue-oneapi-2024.2.1/install/oneapi/2024.2.1/netcdf-c-4.9.2-j7soiat] Lib: /contrib/spack-stack/spack-stack-1.9.3/envs/ue-oneapi-2024.2.1/install/oneapi/2024.2.1/netcdf-c-4.9.2-j7soiat/lib/libnetcdf.so 
--   - NetCDF_Fortran_CONFIG_EXECUTABLE [/contrib/spack-stack/spack-stack-1.9.3/envs/ue-oneapi-2024.2.1/install/oneapi/2024.2.1/netcdf-fortran-4.6.1-mcqlwg2/bin/nf-config]
--   - NetCDF::NetCDF_Fortran [SHARED] [Root: /contrib/spack-stack/spack-stack-1.9.3/envs/ue-oneapi-2024.2.1/install/oneapi/2024.2.1/netcdf-fortran-4.6.1-mcqlwg2] Lib: /contrib/spack-stack/spack-stack-1.9.3/envs/ue-oneapi-2024.2.1/install/oneapi/2024.2.1/netcdf-fortran-4.6.1-mcqlwg2/lib/libnetcdff.so 
-- Found OpenMP_CXX: -fiopenmp (found version "5.1") 
-- Found OpenMP: TRUE (found version "5.1") found components: CXX 
CMake Warning (dev) at /contrib/spack-stack/spack-stack-1.9.3/envs/ue-oneapi-2024.2.1/install/oneapi/2024.2.1/cmake-3.27.9-ggd7nbu/share/cmake-3.27/Modules/CMakeFindDependencyMacro.cmake:76 (find_package):
  Policy CMP0144 is not set: find_package uses upper-case <PACKAGENAME>_ROOT
  variables.  Run "cmake --help-policy CMP0144" for policy details.  Use the
  cmake_policy command to set the policy and suppress this warning.

  Environment variable BOOST_ROOT is set to:

    /contrib/spack-stack/spack-stack-1.9.3/envs/ue-oneapi-2024.2.1/install/oneapi/2024.2.1/boost-1.84.0-nevx737

  For compatibility, find_package is ignoring the variable, but code in a
  .cmake module might still use it.
Call Stack (most recent call first):
  build/oops/oops-import.cmake:39 (find_dependency)
  build/oops/oops-config.cmake:83 (include)
  saber/CMakeLists.txt:97 (find_package)
This warning is for project developers.  Use -Wno-dev to suppress it.

-- Found Boost: /contrib/spack-stack/spack-stack-1.9.3/envs/ue-oneapi-2024.2.1/install/oneapi/2024.2.1/boost-1.84.0-nevx737/lib/cmake/Boost-1.84.0/BoostConfig.cmake (found version "1.84.0")  
-- SABER block Bifourier is enabled
-- SABER block FastLAM spectral layer is enabled
-- SABER block GSI is enabled
-- SABER block SPECTRALB is enabled
-- Offline code coverage is not enabled
-- Available FFT backends in BifourierTransform:
-- - fftw
-- thinkdeb-2  /scratch3/NCEPDEV/fv3-cam/Ting.Lei/dr-debug/jedi-bundle/saber/src/saber/mgbf/mgbf_lib/jp_pbfil.f90/scratch3/NCEPDEV/fv3-cam/Ting.Lei/dr-debug/jedi-bundle/saber/src/saber/mgbf/mgbf_lib/jp_pbfil2.f90/scratch3/NCEPDEV/fv3-cam/Ting.Lei/dr-debug/jedi-bundle/saber/src/saber/mgbf/mgbf_lib/jp_pbfil3.f90/scratch3/NCEPDEV/fv3-cam/Ting.Lei/dr-debug/jedi-bundle/saber/src/saber/mgbf/mgbf_lib/jp_pietc.f90/scratch3/NCEPDEV/fv3-cam/Ting.Lei/dr-debug/jedi-bundle/saber/src/saber/mgbf/mgbf_lib/jp_pietc_s.f90/scratch3/NCEPDEV/fv3-cam/Ting.Lei/dr-debug/jedi-bundle/saber/src/saber/mgbf/mgbf_lib/jp_pkind.f90/scratch3/NCEPDEV/fv3-cam/Ting.Lei/dr-debug/jedi-bundle/saber/src/saber/mgbf/mgbf_lib/jp_pkind2.f90/scratch3/NCEPDEV/fv3-cam/Ting.Lei/dr-debug/jedi-bundle/saber/src/saber/mgbf/mgbf_lib/jp_pmat.f90/scratch3/NCEPDEV/fv3-cam/Ting.Lei/dr-debug/jedi-bundle/saber/src/saber/mgbf/mgbf_lib/jp_pmat4.f90/scratch3/NCEPDEV/fv3-cam/Ting.Lei/dr-debug/jedi-bundle/saber/src/saber/mgbf/mgbf_lib/mg_bocos.f90/scratch3/NCEPDEV/fv3-cam/Ting.Lei/dr-debug/jedi-bundle/saber/src/saber/mgbf/mgbf_lib/mg_domain.f90/scratch3/NCEPDEV/fv3-cam/Ting.Lei/dr-debug/jedi-bundle/saber/src/saber/mgbf/mgbf_lib/mg_domain_loc.f90/scratch3/NCEPDEV/fv3-cam/Ting.Lei/dr-debug/jedi-bundle/saber/src/saber/mgbf/mgbf_lib/mg_entrymod.f90/scratch3/NCEPDEV/fv3-cam/Ting.Lei/dr-debug/jedi-bundle/saber/src/saber/mgbf/mgbf_lib/mg_filtering.f90/scratch3/NCEPDEV/fv3-cam/Ting.Lei/dr-debug/jedi-bundle/saber/src/saber/mgbf/mgbf_lib/mg_generations.f90/scratch3/NCEPDEV/fv3-cam/Ting.Lei/dr-debug/jedi-bundle/saber/src/saber/mgbf/mgbf_lib/mg_interpolate.f90/scratch3/NCEPDEV/fv3-cam/Ting.Lei/dr-debug/jedi-bundle/saber/src/saber/mgbf/mgbf_lib/mg_intstate.f90/scratch3/NCEPDEV/fv3-cam/Ting.Lei/dr-debug/jedi-bundle/saber/src/saber/mgbf/mgbf_lib/mg_mppstuff.f90/scratch3/NCEPDEV/fv3-cam/Ting.Lei/dr-debug/jedi-bundle/saber/src/saber/mgbf/mgbf_lib/mg_parameter.f90/scratch3/NCEPDEV/fv3-cam/Ting.Lei/dr-debug/jedi-bundle/saber/src/saber/mgbf/mgbf_lib/mg_timers.f90/scratch3/NCEPDEV/fv3-cam/Ting.Lei/dr-debug/jedi-bundle/saber/src/saber/mgbf/mgbf_lib/mg_tools.f90/scratch3/NCEPDEV/fv3-cam/Ting.Lei/dr-debug/jedi-bundle/saber/src/saber/mgbf/mgbf_lib/mg_transfer.f90/scratch3/NCEPDEV/fv3-cam/Ting.Lei/dr-debug/jedi-bundle/saber/src/saber/mgbf/mgbf_lib/mgbf_kind.f90/scratch3/NCEPDEV/fv3-cam/Ting.Lei/dr-debug/jedi-bundle/saber/src/saber/mgbf/mgbf_lib/mgbf_util.f90/scratch3/NCEPDEV/fv3-cam/Ting.Lei/dr-debug/jedi-bundle/saber/src/saber/mgbf/mgbf_lib/phint.f90/scratch3/NCEPDEV/fv3-cam/Ting.Lei/dr-debug/jedi-bundle/saber/src/saber/mgbf/mgbf_lib/phint1.f90
-- thinkdeb-1  jp_pbfil.f90
-- thinkdeb0  mgbf_lib/jp_pbfil.f90
-- thinkdeb-1  jp_pbfil2.f90
-- thinkdeb0  mgbf_lib/jp_pbfil.f90mgbf_lib/jp_pbfil2.f90
-- thinkdeb-1  jp_pbfil3.f90
-- thinkdeb0  mgbf_lib/jp_pbfil.f90mgbf_lib/jp_pbfil2.f90mgbf_lib/jp_pbfil3.f90
-- thinkdeb-1  jp_pietc.f90
-- thinkdeb0  mgbf_lib/jp_pbfil.f90mgbf_lib/jp_pbfil2.f90mgbf_lib/jp_pbfil3.f90mgbf_lib/jp_pietc.f90
-- thinkdeb-1  jp_pietc_s.f90
-- thinkdeb0  mgbf_lib/jp_pbfil.f90mgbf_lib/jp_pbfil2.f90mgbf_lib/jp_pbfil3.f90mgbf_lib/jp_pietc.f90mgbf_lib/jp_pietc_s.f90
-- thinkdeb-1  jp_pkind.f90
-- thinkdeb0  mgbf_lib/jp_pbfil.f90mgbf_lib/jp_pbfil2.f90mgbf_lib/jp_pbfil3.f90mgbf_lib/jp_pietc.f90mgbf_lib/jp_pietc_s.f90mgbf_lib/jp_pkind.f90
-- thinkdeb-1  jp_pkind2.f90
-- thinkdeb0  mgbf_lib/jp_pbfil.f90mgbf_lib/jp_pbfil2.f90mgbf_lib/jp_pbfil3.f90mgbf_lib/jp_pietc.f90mgbf_lib/jp_pietc_s.f90mgbf_lib/jp_pkind.f90mgbf_lib/jp_pkind2.f90
-- thinkdeb-1  jp_pmat.f90
-- thinkdeb0  mgbf_lib/jp_pbfil.f90mgbf_lib/jp_pbfil2.f90mgbf_lib/jp_pbfil3.f90mgbf_lib/jp_pietc.f90mgbf_lib/jp_pietc_s.f90mgbf_lib/jp_pkind.f90mgbf_lib/jp_pkind2.f90mgbf_lib/jp_pmat.f90
-- thinkdeb-1  jp_pmat4.f90
-- thinkdeb0  mgbf_lib/jp_pbfil.f90mgbf_lib/jp_pbfil2.f90mgbf_lib/jp_pbfil3.f90mgbf_lib/jp_pietc.f90mgbf_lib/jp_pietc_s.f90mgbf_lib/jp_pkind.f90mgbf_lib/jp_pkind2.f90mgbf_lib/jp_pmat.f90mgbf_lib/jp_pmat4.f90
-- thinkdeb-1  mg_bocos.f90
-- thinkdeb0  mgbf_lib/jp_pbfil.f90mgbf_lib/jp_pbfil2.f90mgbf_lib/jp_pbfil3.f90mgbf_lib/jp_pietc.f90mgbf_lib/jp_pietc_s.f90mgbf_lib/jp_pkind.f90mgbf_lib/jp_pkind2.f90mgbf_lib/jp_pmat.f90mgbf_lib/jp_pmat4.f90mgbf_lib/mg_bocos.f90
-- thinkdeb-1  mg_domain.f90
-- thinkdeb0  mgbf_lib/jp_pbfil.f90mgbf_lib/jp_pbfil2.f90mgbf_lib/jp_pbfil3.f90mgbf_lib/jp_pietc.f90mgbf_lib/jp_pietc_s.f90mgbf_lib/jp_pkind.f90mgbf_lib/jp_pkind2.f90mgbf_lib/jp_pmat.f90mgbf_lib/jp_pmat4.f90mgbf_lib/mg_bocos.f90mgbf_lib/mg_domain.f90
-- thinkdeb-1  mg_domain_loc.f90
-- thinkdeb0  mgbf_lib/jp_pbfil.f90mgbf_lib/jp_pbfil2.f90mgbf_lib/jp_pbfil3.f90mgbf_lib/jp_pietc.f90mgbf_lib/jp_pietc_s.f90mgbf_lib/jp_pkind.f90mgbf_lib/jp_pkind2.f90mgbf_lib/jp_pmat.f90mgbf_lib/jp_pmat4.f90mgbf_lib/mg_bocos.f90mgbf_lib/mg_domain.f90mgbf_lib/mg_domain_loc.f90
-- thinkdeb-1  mg_entrymod.f90
-- thinkdeb0  mgbf_lib/jp_pbfil.f90mgbf_lib/jp_pbfil2.f90mgbf_lib/jp_pbfil3.f90mgbf_lib/jp_pietc.f90mgbf_lib/jp_pietc_s.f90mgbf_lib/jp_pkind.f90mgbf_lib/jp_pkind2.f90mgbf_lib/jp_pmat.f90mgbf_lib/jp_pmat4.f90mgbf_lib/mg_bocos.f90mgbf_lib/mg_domain.f90mgbf_lib/mg_domain_loc.f90mgbf_lib/mg_entrymod.f90
-- thinkdeb-1  mg_filtering.f90
-- thinkdeb0  mgbf_lib/jp_pbfil.f90mgbf_lib/jp_pbfil2.f90mgbf_lib/jp_pbfil3.f90mgbf_lib/jp_pietc.f90mgbf_lib/jp_pietc_s.f90mgbf_lib/jp_pkind.f90mgbf_lib/jp_pkind2.f90mgbf_lib/jp_pmat.f90mgbf_lib/jp_pmat4.f90mgbf_lib/mg_bocos.f90mgbf_lib/mg_domain.f90mgbf_lib/mg_domain_loc.f90mgbf_lib/mg_entrymod.f90mgbf_lib/mg_filtering.f90
-- thinkdeb-1  mg_generations.f90
-- thinkdeb0  mgbf_lib/jp_pbfil.f90mgbf_lib/jp_pbfil2.f90mgbf_lib/jp_pbfil3.f90mgbf_lib/jp_pietc.f90mgbf_lib/jp_pietc_s.f90mgbf_lib/jp_pkind.f90mgbf_lib/jp_pkind2.f90mgbf_lib/jp_pmat.f90mgbf_lib/jp_pmat4.f90mgbf_lib/mg_bocos.f90mgbf_lib/mg_domain.f90mgbf_lib/mg_domain_loc.f90mgbf_lib/mg_entrymod.f90mgbf_lib/mg_filtering.f90mgbf_lib/mg_generations.f90
-- thinkdeb-1  mg_interpolate.f90
-- thinkdeb0  mgbf_lib/jp_pbfil.f90mgbf_lib/jp_pbfil2.f90mgbf_lib/jp_pbfil3.f90mgbf_lib/jp_pietc.f90mgbf_lib/jp_pietc_s.f90mgbf_lib/jp_pkind.f90mgbf_lib/jp_pkind2.f90mgbf_lib/jp_pmat.f90mgbf_lib/jp_pmat4.f90mgbf_lib/mg_bocos.f90mgbf_lib/mg_domain.f90mgbf_lib/mg_domain_loc.f90mgbf_lib/mg_entrymod.f90mgbf_lib/mg_filtering.f90mgbf_lib/mg_generations.f90mgbf_lib/mg_interpolate.f90
-- thinkdeb-1  mg_intstate.f90
-- thinkdeb0  mgbf_lib/jp_pbfil.f90mgbf_lib/jp_pbfil2.f90mgbf_lib/jp_pbfil3.f90mgbf_lib/jp_pietc.f90mgbf_lib/jp_pietc_s.f90mgbf_lib/jp_pkind.f90mgbf_lib/jp_pkind2.f90mgbf_lib/jp_pmat.f90mgbf_lib/jp_pmat4.f90mgbf_lib/mg_bocos.f90mgbf_lib/mg_domain.f90mgbf_lib/mg_domain_loc.f90mgbf_lib/mg_entrymod.f90mgbf_lib/mg_filtering.f90mgbf_lib/mg_generations.f90mgbf_lib/mg_interpolate.f90mgbf_lib/mg_intstate.f90
-- thinkdeb-1  mg_mppstuff.f90
-- thinkdeb0  mgbf_lib/jp_pbfil.f90mgbf_lib/jp_pbfil2.f90mgbf_lib/jp_pbfil3.f90mgbf_lib/jp_pietc.f90mgbf_lib/jp_pietc_s.f90mgbf_lib/jp_pkind.f90mgbf_lib/jp_pkind2.f90mgbf_lib/jp_pmat.f90mgbf_lib/jp_pmat4.f90mgbf_lib/mg_bocos.f90mgbf_lib/mg_domain.f90mgbf_lib/mg_domain_loc.f90mgbf_lib/mg_entrymod.f90mgbf_lib/mg_filtering.f90mgbf_lib/mg_generations.f90mgbf_lib/mg_interpolate.f90mgbf_lib/mg_intstate.f90mgbf_lib/mg_mppstuff.f90
-- thinkdeb-1  mg_parameter.f90
-- thinkdeb0  mgbf_lib/jp_pbfil.f90mgbf_lib/jp_pbfil2.f90mgbf_lib/jp_pbfil3.f90mgbf_lib/jp_pietc.f90mgbf_lib/jp_pietc_s.f90mgbf_lib/jp_pkind.f90mgbf_lib/jp_pkind2.f90mgbf_lib/jp_pmat.f90mgbf_lib/jp_pmat4.f90mgbf_lib/mg_bocos.f90mgbf_lib/mg_domain.f90mgbf_lib/mg_domain_loc.f90mgbf_lib/mg_entrymod.f90mgbf_lib/mg_filtering.f90mgbf_lib/mg_generations.f90mgbf_lib/mg_interpolate.f90mgbf_lib/mg_intstate.f90mgbf_lib/mg_mppstuff.f90mgbf_lib/mg_parameter.f90
-- thinkdeb-1  mg_timers.f90
-- thinkdeb0  mgbf_lib/jp_pbfil.f90mgbf_lib/jp_pbfil2.f90mgbf_lib/jp_pbfil3.f90mgbf_lib/jp_pietc.f90mgbf_lib/jp_pietc_s.f90mgbf_lib/jp_pkind.f90mgbf_lib/jp_pkind2.f90mgbf_lib/jp_pmat.f90mgbf_lib/jp_pmat4.f90mgbf_lib/mg_bocos.f90mgbf_lib/mg_domain.f90mgbf_lib/mg_domain_loc.f90mgbf_lib/mg_entrymod.f90mgbf_lib/mg_filtering.f90mgbf_lib/mg_generations.f90mgbf_lib/mg_interpolate.f90mgbf_lib/mg_intstate.f90mgbf_lib/mg_mppstuff.f90mgbf_lib/mg_parameter.f90mgbf_lib/mg_timers.f90
-- thinkdeb-1  mg_tools.f90
-- thinkdeb0  mgbf_lib/jp_pbfil.f90mgbf_lib/jp_pbfil2.f90mgbf_lib/jp_pbfil3.f90mgbf_lib/jp_pietc.f90mgbf_lib/jp_pietc_s.f90mgbf_lib/jp_pkind.f90mgbf_lib/jp_pkind2.f90mgbf_lib/jp_pmat.f90mgbf_lib/jp_pmat4.f90mgbf_lib/mg_bocos.f90mgbf_lib/mg_domain.f90mgbf_lib/mg_domain_loc.f90mgbf_lib/mg_entrymod.f90mgbf_lib/mg_filtering.f90mgbf_lib/mg_generations.f90mgbf_lib/mg_interpolate.f90mgbf_lib/mg_intstate.f90mgbf_lib/mg_mppstuff.f90mgbf_lib/mg_parameter.f90mgbf_lib/mg_timers.f90mgbf_lib/mg_tools.f90
-- thinkdeb-1  mg_transfer.f90
-- thinkdeb0  mgbf_lib/jp_pbfil.f90mgbf_lib/jp_pbfil2.f90mgbf_lib/jp_pbfil3.f90mgbf_lib/jp_pietc.f90mgbf_lib/jp_pietc_s.f90mgbf_lib/jp_pkind.f90mgbf_lib/jp_pkind2.f90mgbf_lib/jp_pmat.f90mgbf_lib/jp_pmat4.f90mgbf_lib/mg_bocos.f90mgbf_lib/mg_domain.f90mgbf_lib/mg_domain_loc.f90mgbf_lib/mg_entrymod.f90mgbf_lib/mg_filtering.f90mgbf_lib/mg_generations.f90mgbf_lib/mg_interpolate.f90mgbf_lib/mg_intstate.f90mgbf_lib/mg_mppstuff.f90mgbf_lib/mg_parameter.f90mgbf_lib/mg_timers.f90mgbf_lib/mg_tools.f90mgbf_lib/mg_transfer.f90
-- thinkdeb-1  mgbf_kind.f90
-- thinkdeb0  mgbf_lib/jp_pbfil.f90mgbf_lib/jp_pbfil2.f90mgbf_lib/jp_pbfil3.f90mgbf_lib/jp_pietc.f90mgbf_lib/jp_pietc_s.f90mgbf_lib/jp_pkind.f90mgbf_lib/jp_pkind2.f90mgbf_lib/jp_pmat.f90mgbf_lib/jp_pmat4.f90mgbf_lib/mg_bocos.f90mgbf_lib/mg_domain.f90mgbf_lib/mg_domain_loc.f90mgbf_lib/mg_entrymod.f90mgbf_lib/mg_filtering.f90mgbf_lib/mg_generations.f90mgbf_lib/mg_interpolate.f90mgbf_lib/mg_intstate.f90mgbf_lib/mg_mppstuff.f90mgbf_lib/mg_parameter.f90mgbf_lib/mg_timers.f90mgbf_lib/mg_tools.f90mgbf_lib/mg_transfer.f90mgbf_lib/mgbf_kind.f90
-- thinkdeb-1  mgbf_util.f90
-- thinkdeb0  mgbf_lib/jp_pbfil.f90mgbf_lib/jp_pbfil2.f90mgbf_lib/jp_pbfil3.f90mgbf_lib/jp_pietc.f90mgbf_lib/jp_pietc_s.f90mgbf_lib/jp_pkind.f90mgbf_lib/jp_pkind2.f90mgbf_lib/jp_pmat.f90mgbf_lib/jp_pmat4.f90mgbf_lib/mg_bocos.f90mgbf_lib/mg_domain.f90mgbf_lib/mg_domain_loc.f90mgbf_lib/mg_entrymod.f90mgbf_lib/mg_filtering.f90mgbf_lib/mg_generations.f90mgbf_lib/mg_interpolate.f90mgbf_lib/mg_intstate.f90mgbf_lib/mg_mppstuff.f90mgbf_lib/mg_parameter.f90mgbf_lib/mg_timers.f90mgbf_lib/mg_tools.f90mgbf_lib/mg_transfer.f90mgbf_lib/mgbf_kind.f90mgbf_lib/mgbf_util.f90
-- thinkdeb-1  phint.f90
-- thinkdeb0  mgbf_lib/jp_pbfil.f90mgbf_lib/jp_pbfil2.f90mgbf_lib/jp_pbfil3.f90mgbf_lib/jp_pietc.f90mgbf_lib/jp_pietc_s.f90mgbf_lib/jp_pkind.f90mgbf_lib/jp_pkind2.f90mgbf_lib/jp_pmat.f90mgbf_lib/jp_pmat4.f90mgbf_lib/mg_bocos.f90mgbf_lib/mg_domain.f90mgbf_lib/mg_domain_loc.f90mgbf_lib/mg_entrymod.f90mgbf_lib/mg_filtering.f90mgbf_lib/mg_generations.f90mgbf_lib/mg_interpolate.f90mgbf_lib/mg_intstate.f90mgbf_lib/mg_mppstuff.f90mgbf_lib/mg_parameter.f90mgbf_lib/mg_timers.f90mgbf_lib/mg_tools.f90mgbf_lib/mg_transfer.f90mgbf_lib/mgbf_kind.f90mgbf_lib/mgbf_util.f90mgbf_lib/phint.f90
-- thinkdeb-1  phint1.f90
-- thinkdeb0  mgbf_lib/jp_pbfil.f90mgbf_lib/jp_pbfil2.f90mgbf_lib/jp_pbfil3.f90mgbf_lib/jp_pietc.f90mgbf_lib/jp_pietc_s.f90mgbf_lib/jp_pkind.f90mgbf_lib/jp_pkind2.f90mgbf_lib/jp_pmat.f90mgbf_lib/jp_pmat4.f90mgbf_lib/mg_bocos.f90mgbf_lib/mg_domain.f90mgbf_lib/mg_domain_loc.f90mgbf_lib/mg_entrymod.f90mgbf_lib/mg_filtering.f90mgbf_lib/mg_generations.f90mgbf_lib/mg_interpolate.f90mgbf_lib/mg_intstate.f90mgbf_lib/mg_mppstuff.f90mgbf_lib/mg_parameter.f90mgbf_lib/mg_timers.f90mgbf_lib/mg_tools.f90mgbf_lib/mg_transfer.f90mgbf_lib/mgbf_kind.f90mgbf_lib/mgbf_util.f90mgbf_lib/phint.f90mgbf_lib/phint1.f90
-- thinkdeb  mgbf_lib/jp_pbfil.f90mgbf_lib/jp_pbfil2.f90mgbf_lib/jp_pbfil3.f90mgbf_lib/jp_pietc.f90mgbf_lib/jp_pietc_s.f90mgbf_lib/jp_pkind.f90mgbf_lib/jp_pkind2.f90mgbf_lib/jp_pmat.f90mgbf_lib/jp_pmat4.f90mgbf_lib/mg_bocos.f90mgbf_lib/mg_domain.f90mgbf_lib/mg_domain_loc.f90mgbf_lib/mg_entrymod.f90mgbf_lib/mg_filtering.f90mgbf_lib/mg_generations.f90mgbf_lib/mg_interpolate.f90mgbf_lib/mg_intstate.f90mgbf_lib/mg_mppstuff.f90mgbf_lib/mg_parameter.f90mgbf_lib/mg_timers.f90mgbf_lib/mg_tools.f90mgbf_lib/mg_transfer.f90mgbf_lib/mgbf_kind.f90mgbf_lib/mgbf_util.f90mgbf_lib/phint.f90mgbf_lib/phint1.f90
-- thinkdeb1 covariance/MGBF_Covariance.hcovariance/MGBF_Covariance.cccovariance/MGBF_Covariance.interface.F90covariance/MGBF_Covariance.interface.hcovariance/mgbf_covariance_mod.f90
-- thinkdeb2.4
-- BUMP instrumentation is not enabled
-- SABER documentation is not enabled
-- jedi-model-data found; building saber tests
-- SABER-QUENCH tests activated:
-- - BASE
-- - COUPLED
-- - FASTLAM
-- - FASTLAM REGIONAL INTERPOLATION
-- - FASTLAM FFTW
-- - BIFOURIER
-- - BUMP
-- - GSI GEOS
-- - SPECTRALB
-- - VADER
-- - VADER WITH TRANS
-- - SPECTRALB VADER
-- Found quench I/O formats:
-- - Default (NetCDF)
-- - GMSH
-- Setup QUENCH data links
-- ---------------------------------------------------------
-- Adding bundle project crtm
CRTM_INSTALL_PREFIX set to /usr/local
-- [32m[crtm] (3.1.3) [807fdf6][0m
CMAKE_INSTALL_PREFIX set to /usr/local
CMAKE_INSTALL_LIBDIR set to lib64
CMAKE_LIBRARY_OUTPUT_DIRECTORY set to /scratch3/NCEPDEV/fv3-cam/Ting.Lei/dr-debug/jedi-bundle/build/lib
-- Compiler ID: Intel
-- Compiler: /apps/spack-2024-12/linux-rocky9-x86_64/gcc-11.4.1/intel-oneapi-compilers-2024.2.1-oqhstbmawnrsdw472p4pjsopj547o6xs/compiler/2024.2/bin/ifort
-- Found OpenMP: TRUE (found version "5.0") found components: Fortran 
-- Found NetCDF: /contrib/spack-stack/spack-stack-1.9.3/envs/ue-oneapi-2024.2.1/install/oneapi/2024.2.1/netcdf-fortran-4.6.1-mcqlwg2/include (found version "4.9.2") found components: Fortran 
-- FindNetCDF defines targets:
--   - NetCDF::NetCDF_Fortran [/contrib/spack-stack/spack-stack-1.9.3/envs/ue-oneapi-2024.2.1/install/oneapi/2024.2.1/netcdf-fortran-4.6.1-mcqlwg2/lib/libnetcdff.so]
-- Building tests for CRTM v3.1.3.
-- Downloading CRTM coeffs files from: https://bin.ssec.wisc.edu/pub/s4/CRTM//fix_REL-3.1.2.0.tgz to /scratch3/NCEPDEV/fv3-cam/Ting.Lei/dr-debug/jedi-bundle/test-data-release/fix_REL-3.1.2.0.tgz
-- Checking if /scratch3/NCEPDEV/fv3-cam/Ting.Lei/dr-debug/jedi-bundle/test-data-release/fix_REL-3.1.2.0 already exists...
-- Files have already been untarred. Skipping.
-- Downloaded CRTM files are placed at /scratch3/NCEPDEV/fv3-cam/Ting.Lei/dr-debug/jedi-bundle/test-data-release/fix_REL-3.1.2.0/fix 
-- Configuration summary
-- Project name : crtm
-- Project version : 3.1.3
-- Fortran compiler : /apps/spack-2024-12/linux-rocky9-x86_64/gcc-11.4.1/intel-oneapi-compilers-2024.2.1-oqhstbmawnrsdw472p4pjsopj547o6xs/compiler/2024.2/bin/ifort
-- Fortran compiler flags :  -assume byterecl
-- Build type : Debug
-- Fortran compiler flags for debug : -O0 -g -check bounds -traceback -warn -heap-arrays -fpe-all=0 -fpe:0 -ftz -check all -no-inline
-- ---------------------------------------------------------
-- Adding bundle project ioda-data
-- ---------------------------------------------------------
-- Adding bundle project ioda
-- ---------------------------------------------------------
-- [32m[ioda] (2.9.0) [bd13eea][m
-- Feature TESTS enabled
-- Feature WARNINGS enabled
-- Added CXX flag [-Wall]
-- Added CXX flag [-Wno-sign-compare]
-- Added Fortran flag [-warn]
-- Added CXX flag [-fp-model=precise] to build type DEBUG
-- Added Fortran flag [-ftrapuv -fp-model=precise -fpe-all=0] to build type DEBUG
-- Found OpenMP_CXX: -fiopenmp (found version "5.1") 
-- Found OpenMP: TRUE (found version "5.1") found components: C CXX Fortran 
-- Found NetCDF: /contrib/spack-stack/spack-stack-1.9.3/envs/ue-oneapi-2024.2.1/install/oneapi/2024.2.1/netcdf-c-4.9.2-j7soiat/include;/contrib/spack-stack/spack-stack-1.9.3/envs/ue-oneapi-2024.2.1/install/oneapi/2024.2.1/netcdf-fortran-4.6.1-mcqlwg2/include;/contrib/spack-stack/spack-stack-1.9.3/envs/ue-oneapi-2024.2.1/install/oneapi/2024.2.1/netcdf-cxx4-4.3.1-cuu24rq/include (found version "4.9.2") found components: C Fortran CXX 
-- FindNetCDF defines targets:
--   - NetCDF_VERSION [4.9.2]
--   - NetCDF_PARALLEL [TRUE]
--   - NetCDF_C_CONFIG_EXECUTABLE [/contrib/spack-stack/spack-stack-1.9.3/envs/ue-oneapi-2024.2.1/install/oneapi/2024.2.1/netcdf-c-4.9.2-j7soiat/bin/nc-config]
--   - NetCDF::NetCDF_C [SHARED] [Root: /contrib/spack-stack/spack-stack-1.9.3/envs/ue-oneapi-2024.2.1/install/oneapi/2024.2.1/netcdf-c-4.9.2-j7soiat] Lib: /contrib/spack-stack/spack-stack-1.9.3/envs/ue-oneapi-2024.2.1/install/oneapi/2024.2.1/netcdf-c-4.9.2-j7soiat/lib/libnetcdf.so 
--   - NetCDF_Fortran_CONFIG_EXECUTABLE [/contrib/spack-stack/spack-stack-1.9.3/envs/ue-oneapi-2024.2.1/install/oneapi/2024.2.1/netcdf-fortran-4.6.1-mcqlwg2/bin/nf-config]
--   - NetCDF::NetCDF_Fortran [SHARED] [Root: /contrib/spack-stack/spack-stack-1.9.3/envs/ue-oneapi-2024.2.1/install/oneapi/2024.2.1/netcdf-fortran-4.6.1-mcqlwg2] Lib: /contrib/spack-stack/spack-stack-1.9.3/envs/ue-oneapi-2024.2.1/install/oneapi/2024.2.1/netcdf-fortran-4.6.1-mcqlwg2/lib/libnetcdff.so 
--   - NetCDF_CXX_CONFIG_EXECUTABLE [/contrib/spack-stack/spack-stack-1.9.3/envs/ue-oneapi-2024.2.1/install/oneapi/2024.2.1/netcdf-cxx4-4.3.1-cuu24rq/bin/ncxx4-config]
--   - NetCDF::NetCDF_CXX [SHARED] [Root: /contrib/spack-stack/spack-stack-1.9.3/envs/ue-oneapi-2024.2.1/install/oneapi/2024.2.1/netcdf-cxx4-4.3.1-cuu24rq] Lib: /contrib/spack-stack/spack-stack-1.9.3/envs/ue-oneapi-2024.2.1/install/oneapi/2024.2.1/netcdf-cxx4-4.3.1-cuu24rq/lib/libnetcdf_c++4.so 
CMake Warning (dev) at /contrib/spack-stack/spack-stack-1.9.3/envs/ue-oneapi-2024.2.1/install/oneapi/2024.2.1/cmake-3.27.9-ggd7nbu/share/cmake-3.27/Modules/CMakeFindDependencyMacro.cmake:76 (find_package):
  Policy CMP0144 is not set: find_package uses upper-case <PACKAGENAME>_ROOT
  variables.  Run "cmake --help-policy CMP0144" for policy details.  Use the
  cmake_policy command to set the policy and suppress this warning.

  Environment variable BOOST_ROOT is set to:

    /contrib/spack-stack/spack-stack-1.9.3/envs/ue-oneapi-2024.2.1/install/oneapi/2024.2.1/boost-1.84.0-nevx737

  For compatibility, find_package is ignoring the variable, but code in a
  .cmake module might still use it.
Call Stack (most recent call first):
  build/oops/oops-import.cmake:39 (find_dependency)
  build/oops/oops-config.cmake:83 (include)
  ioda/CMakeLists.txt:51 (find_package)
This warning is for project developers.  Use -Wno-dev to suppress it.

-- Found OpenMP_CXX: -fiopenmp (found version "5.1") 
-- Found OpenMP: TRUE (found version "5.1") found components: CXX 
-- Found Boost: /contrib/spack-stack/spack-stack-1.9.3/envs/ue-oneapi-2024.2.1/install/oneapi/2024.2.1/boost-1.84.0-nevx737/lib/cmake/Boost-1.84.0/BoostConfig.cmake (found suitable version "1.84.0", minimum required is "1.64.0")  
-- Found bufr: /contrib/spack-stack/spack-stack-1.9.3/envs/ue-oneapi-2024.2.1/install/oneapi/2024.2.1/bufr-12.1.0-5nzgrop/lib64/libbufr_4.so (found version "12.1.0")
-- Up-to-date: /scratch3/NCEPDEV/fv3-cam/Ting.Lei/dr-debug/jedi-bundle/build/ioda/share/test/testinput//iodatest_odb_abiclr.yaml
-- Up-to-date: /scratch3/NCEPDEV/fv3-cam/Ting.Lei/dr-debug/jedi-bundle/build/ioda/share/test/testinput//iodatest_odb_ahiclr.yaml
-- Up-to-date: /scratch3/NCEPDEV/fv3-cam/Ting.Lei/dr-debug/jedi-bundle/build/ioda/share/test/testinput//iodatest_odb_aircraft.yaml
-- Up-to-date: /scratch3/NCEPDEV/fv3-cam/Ting.Lei/dr-debug/jedi-bundle/build/ioda/share/test/testinput//iodatest_odb_aircraft_write.yaml
-- Up-to-date: /scratch3/NCEPDEV/fv3-cam/Ting.Lei/dr-debug/jedi-bundle/build/ioda/share/test/testinput//iodatest_odb_airs.yaml
-- Up-to-date: /scratch3/NCEPDEV/fv3-cam/Ting.Lei/dr-debug/jedi-bundle/build/ioda/share/test/testinput//iodatest_odb_altimeter.yaml
-- Up-to-date: /scratch3/NCEPDEV/fv3-cam/Ting.Lei/dr-debug/jedi-bundle/build/ioda/share/test/testinput//iodatest_odb_amsr.yaml
-- Up-to-date: /scratch3/NCEPDEV/fv3-cam/Ting.Lei/dr-debug/jedi-bundle/build/ioda/share/test/testinput//iodatest_odb_amsub.yaml
-- Up-to-date: /scratch3/NCEPDEV/fv3-cam/Ting.Lei/dr-debug/jedi-bundle/build/ioda/share/test/testinput//iodatest_odb_ascatsm.yaml
-- Up-to-date: /scratch3/NCEPDEV/fv3-cam/Ting.Lei/dr-debug/jedi-bundle/build/ioda/share/test/testinput//iodatest_odb_aod.yaml
-- Up-to-date: /scratch3/NCEPDEV/fv3-cam/Ting.Lei/dr-debug/jedi-bundle/build/ioda/share/test/testinput//iodatest_odb_aod_write.yaml
-- Up-to-date: /scratch3/NCEPDEV/fv3-cam/Ting.Lei/dr-debug/jedi-bundle/build/ioda/share/test/testinput//iodatest_odb_aod_write_testdatasets.yaml
-- Up-to-date: /scratch3/NCEPDEV/fv3-cam/Ting.Lei/dr-debug/jedi-bundle/build/ioda/share/test/testinput//iodatest_odb_atms.yaml
-- Up-to-date: /scratch3/NCEPDEV/fv3-cam/Ting.Lei/dr-debug/jedi-bundle/build/ioda/share/test/testinput//iodatest_odb_atms_write.yaml
-- Up-to-date: /scratch3/NCEPDEV/fv3-cam/Ting.Lei/dr-debug/jedi-bundle/build/ioda/share/test/testinput//iodatest_odb_atovs.yaml
-- Up-to-date: /scratch3/NCEPDEV/fv3-cam/Ting.Lei/dr-debug/jedi-bundle/build/ioda/share/test/testinput//iodatest_odb_atovs_write.yaml
-- Up-to-date: /scratch3/NCEPDEV/fv3-cam/Ting.Lei/dr-debug/jedi-bundle/build/ioda/share/test/testinput//iodatest_odb_cris.yaml
-- Up-to-date: /scratch3/NCEPDEV/fv3-cam/Ting.Lei/dr-debug/jedi-bundle/build/ioda/share/test/testinput//iodatest_odb_crisfsr.yaml
-- Up-to-date: /scratch3/NCEPDEV/fv3-cam/Ting.Lei/dr-debug/jedi-bundle/build/ioda/share/test/testinput//iodatest_odb_fciasr.yaml
-- Up-to-date: /scratch3/NCEPDEV/fv3-cam/Ting.Lei/dr-debug/jedi-bundle/build/ioda/share/test/testinput//iodatest_odb_fciclr.yaml
-- Up-to-date: /scratch3/NCEPDEV/fv3-cam/Ting.Lei/dr-debug/jedi-bundle/build/ioda/share/test/testinput//iodatest_odb_geocloud.yaml
-- Up-to-date: /scratch3/NCEPDEV/fv3-cam/Ting.Lei/dr-debug/jedi-bundle/build/ioda/share/test/testinput//iodatest_odb_gmihigh.yaml
-- Up-to-date: /scratch3/NCEPDEV/fv3-cam/Ting.Lei/dr-debug/jedi-bundle/build/ioda/share/test/testinput//iodatest_odb_gmihigh_write.yaml
-- Up-to-date: /scratch3/NCEPDEV/fv3-cam/Ting.Lei/dr-debug/jedi-bundle/build/ioda/share/test/testinput//iodatest_odb_gmilow.yaml
-- Up-to-date: /scratch3/NCEPDEV/fv3-cam/Ting.Lei/dr-debug/jedi-bundle/build/ioda/share/test/testinput//iodatest_odb_gnssro.yaml
-- Up-to-date: /scratch3/NCEPDEV/fv3-cam/Ting.Lei/dr-debug/jedi-bundle/build/ioda/share/test/testinput//iodatest_odb_gnssro_profile_100.yaml
-- Up-to-date: /scratch3/NCEPDEV/fv3-cam/Ting.Lei/dr-debug/jedi-bundle/build/ioda/share/test/testinput//iodatest_odb_gnssro_profile_333.yaml
-- Up-to-date: /scratch3/NCEPDEV/fv3-cam/Ting.Lei/dr-debug/jedi-bundle/build/ioda/share/test/testinput//iodatest_odb_groundgps.yaml
-- Up-to-date: /scratch3/NCEPDEV/fv3-cam/Ting.Lei/dr-debug/jedi-bundle/build/ioda/share/test/testinput//iodatest_odb_hirasfsr.yaml
-- Up-to-date: /scratch3/NCEPDEV/fv3-cam/Ting.Lei/dr-debug/jedi-bundle/build/ioda/share/test/testinput//iodatest_odb_hloswind.yaml
-- Up-to-date: /scratch3/NCEPDEV/fv3-cam/Ting.Lei/dr-debug/jedi-bundle/build/ioda/share/test/testinput//iodatest_odb_iasi.yaml
-- Up-to-date: /scratch3/NCEPDEV/fv3-cam/Ting.Lei/dr-debug/jedi-bundle/build/ioda/share/test/testinput//iodatest_odb_iasi_write.yaml
-- Up-to-date: /scratch3/NCEPDEV/fv3-cam/Ting.Lei/dr-debug/jedi-bundle/build/ioda/share/test/testinput//iodatest_odb_iasi_read_channels_from_yaml.yaml
-- Up-to-date: /scratch3/NCEPDEV/fv3-cam/Ting.Lei/dr-debug/jedi-bundle/build/ioda/share/test/testinput//iodatest_odb_icethickness.yaml
-- Up-to-date: /scratch3/NCEPDEV/fv3-cam/Ting.Lei/dr-debug/jedi-bundle/build/ioda/share/test/testinput//iodatest_odb_imssnow.yaml
-- Up-to-date: /scratch3/NCEPDEV/fv3-cam/Ting.Lei/dr-debug/jedi-bundle/build/ioda/share/test/testinput//iodatest_odb_mtgirs.yaml
-- Up-to-date: /scratch3/NCEPDEV/fv3-cam/Ting.Lei/dr-debug/jedi-bundle/build/ioda/share/test/testinput//iodatest_odb_mwri.yaml
-- Up-to-date: /scratch3/NCEPDEV/fv3-cam/Ting.Lei/dr-debug/jedi-bundle/build/ioda/share/test/testinput//iodatest_odb_mwsfy3.yaml
-- Up-to-date: /scratch3/NCEPDEV/fv3-cam/Ting.Lei/dr-debug/jedi-bundle/build/ioda/share/test/testinput//iodatest_odb_oceancolour.yaml
-- Up-to-date: /scratch3/NCEPDEV/fv3-cam/Ting.Lei/dr-debug/jedi-bundle/build/ioda/share/test/testinput//iodatest_odb_oceansound.yaml
-- Up-to-date: /scratch3/NCEPDEV/fv3-cam/Ting.Lei/dr-debug/jedi-bundle/build/ioda/share/test/testinput//iodatest_odb_oceansound_truncate_profiles.yaml
-- Up-to-date: /scratch3/NCEPDEV/fv3-cam/Ting.Lei/dr-debug/jedi-bundle/build/ioda/share/test/testinput//iodatest_odb_radar_doppler_wind.yaml
-- Up-to-date: /scratch3/NCEPDEV/fv3-cam/Ting.Lei/dr-debug/jedi-bundle/build/ioda/share/test/testinput//iodatest_odb_radar_reflectivity.yaml
-- Up-to-date: /scratch3/NCEPDEV/fv3-cam/Ting.Lei/dr-debug/jedi-bundle/build/ioda/share/test/testinput//iodatest_odb_radarfreeboard.yaml
-- Up-to-date: /scratch3/NCEPDEV/fv3-cam/Ting.Lei/dr-debug/jedi-bundle/build/ioda/share/test/testinput//iodatest_odb_satsst.yaml
-- Up-to-date: /scratch3/NCEPDEV/fv3-cam/Ting.Lei/dr-debug/jedi-bundle/build/ioda/share/test/testinput//iodatest_odb_sattcwv.yaml
-- Up-to-date: /scratch3/NCEPDEV/fv3-cam/Ting.Lei/dr-debug/jedi-bundle/build/ioda/share/test/testinput//iodatest_odb_satwind.yaml
-- Up-to-date: /scratch3/NCEPDEV/fv3-cam/Ting.Lei/dr-debug/jedi-bundle/build/ioda/share/test/testinput//iodatest_odb_scatwind.yaml
-- Up-to-date: /scratch3/NCEPDEV/fv3-cam/Ting.Lei/dr-debug/jedi-bundle/build/ioda/share/test/testinput//iodatest_odb_scatwindchosen_write.yaml
-- Up-to-date: /scratch3/NCEPDEV/fv3-cam/Ting.Lei/dr-debug/jedi-bundle/build/ioda/share/test/testinput//iodatest_odb_seaice.yaml
-- Up-to-date: /scratch3/NCEPDEV/fv3-cam/Ting.Lei/dr-debug/jedi-bundle/build/ioda/share/test/testinput//iodatest_odb_seviriasr.yaml
-- Up-to-date: /scratch3/NCEPDEV/fv3-cam/Ting.Lei/dr-debug/jedi-bundle/build/ioda/share/test/testinput//iodatest_odb_seviriclr.yaml
-- Up-to-date: /scratch3/NCEPDEV/fv3-cam/Ting.Lei/dr-debug/jedi-bundle/build/ioda/share/test/testinput//iodatest_odb_sonde.yaml
-- Up-to-date: /scratch3/NCEPDEV/fv3-cam/Ting.Lei/dr-debug/jedi-bundle/build/ioda/share/test/testinput//iodatest_odb_sonde_history.yaml
-- Up-to-date: /scratch3/NCEPDEV/fv3-cam/Ting.Lei/dr-debug/jedi-bundle/build/ioda/share/test/testinput//iodatest_odb_sonde_mixed.yaml
-- Up-to-date: /scratch3/NCEPDEV/fv3-cam/Ting.Lei/dr-debug/jedi-bundle/build/ioda/share/test/testinput//iodatest_odb_sonde_time_displacement.yaml
-- Up-to-date: /scratch3/NCEPDEV/fv3-cam/Ting.Lei/dr-debug/jedi-bundle/build/ioda/share/test/testinput//iodatest_odb_sonde_truncate_profiles.yaml
-- Up-to-date: /scratch3/NCEPDEV/fv3-cam/Ting.Lei/dr-debug/jedi-bundle/build/ioda/share/test/testinput//iodatest_odb_sonde_write.yaml
-- Up-to-date: /scratch3/NCEPDEV/fv3-cam/Ting.Lei/dr-debug/jedi-bundle/build/ioda/share/test/testinput//iodatest_odb_sonde_write_mixed.yaml
-- Up-to-date: /scratch3/NCEPDEV/fv3-cam/Ting.Lei/dr-debug/jedi-bundle/build/ioda/share/test/testinput//iodatest_odb_ssmis.yaml
-- Up-to-date: /scratch3/NCEPDEV/fv3-cam/Ting.Lei/dr-debug/jedi-bundle/build/ioda/share/test/testinput//iodatest_odb_stationsnow.yaml
-- Up-to-date: /scratch3/NCEPDEV/fv3-cam/Ting.Lei/dr-debug/jedi-bundle/build/ioda/share/test/testinput//iodatest_odb_surface.yaml
-- Up-to-date: /scratch3/NCEPDEV/fv3-cam/Ting.Lei/dr-debug/jedi-bundle/build/ioda/share/test/testinput//iodatest_odb_surfacecloud.yaml
-- Up-to-date: /scratch3/NCEPDEV/fv3-cam/Ting.Lei/dr-debug/jedi-bundle/build/ioda/share/test/testinput//iodatest_odb_surfacesst.yaml
-- Up-to-date: /scratch3/NCEPDEV/fv3-cam/Ting.Lei/dr-debug/jedi-bundle/build/ioda/share/test/testinput//odb_default_name_map.yaml
-- Up-to-date: /scratch3/NCEPDEV/fv3-cam/Ting.Lei/dr-debug/jedi-bundle/build/ioda/share/test/testinput//odb_aircraft_name_map.yaml
-- Up-to-date: /scratch3/NCEPDEV/fv3-cam/Ting.Lei/dr-debug/jedi-bundle/build/ioda/share/test/testinput//odb_amsr_name_map.yaml
-- Up-to-date: /scratch3/NCEPDEV/fv3-cam/Ting.Lei/dr-debug/jedi-bundle/build/ioda/share/test/testinput//odb_gnssro_name_map.yaml
-- Up-to-date: /scratch3/NCEPDEV/fv3-cam/Ting.Lei/dr-debug/jedi-bundle/build/ioda/share/test/testinput//odb_gnssro_profile_name_map.yaml
-- Up-to-date: /scratch3/NCEPDEV/fv3-cam/Ting.Lei/dr-debug/jedi-bundle/build/ioda/share/test/testinput//odb_oceansound_name_map.yaml
-- Up-to-date: /scratch3/NCEPDEV/fv3-cam/Ting.Lei/dr-debug/jedi-bundle/build/ioda/share/test/testinput//odb_radiance_name_map.yaml
-- Up-to-date: /scratch3/NCEPDEV/fv3-cam/Ting.Lei/dr-debug/jedi-bundle/build/ioda/share/test/testinput//odb_sonde_name_map.yaml
-- Up-to-date: /scratch3/NCEPDEV/fv3-cam/Ting.Lei/dr-debug/jedi-bundle/build/ioda/share/test/testinput//odb_surface_name_map.yaml
-- Up-to-date: /scratch3/NCEPDEV/fv3-cam/Ting.Lei/dr-debug/jedi-bundle/build/ioda/share/test/testinput//odb_surfacesst_name_map.yaml
-- Up-to-date: /scratch3/NCEPDEV/fv3-cam/Ting.Lei/dr-debug/jedi-bundle/build/ioda/share/test/testinput//validation//ObsSpace.yaml
-- Skipping download of test data from https://bin.ssec.wisc.edu/pub/s4/CRTM/file/ioda_testinput_tier_1_2.9.0.tar.gz since it already exists
-- ---------------------------------------------------------
-- Adding bundle project ufo-data
-- ---------------------------------------------------------
-- [32m[ufo_data] (1.10.0) [da0a3f9][m
-- Feature TESTS enabled
-- Found OpenMP_CXX: -fiopenmp (found version "5.1") 
-- Found OpenMP: TRUE (found version "5.1") found components: CXX Fortran 
CMake Warning (dev) at /contrib/spack-stack/spack-stack-1.9.3/envs/ue-oneapi-2024.2.1/install/oneapi/2024.2.1/cmake-3.27.9-ggd7nbu/share/cmake-3.27/Modules/CMakeFindDependencyMacro.cmake:76 (find_package):
  Policy CMP0144 is not set: find_package uses upper-case <PACKAGENAME>_ROOT
  variables.  Run "cmake --help-policy CMP0144" for policy details.  Use the
  cmake_policy command to set the policy and suppress this warning.

  Environment variable BOOST_ROOT is set to:

    /contrib/spack-stack/spack-stack-1.9.3/envs/ue-oneapi-2024.2.1/install/oneapi/2024.2.1/boost-1.84.0-nevx737

  For compatibility, find_package is ignoring the variable, but code in a
  .cmake module might still use it.
Call Stack (most recent call first):
  build/oops/oops-import.cmake:39 (find_dependency)
  build/oops/oops-config.cmake:83 (include)
  /contrib/spack-stack/spack-stack-1.9.3/envs/ue-oneapi-2024.2.1/install/oneapi/2024.2.1/cmake-3.27.9-ggd7nbu/share/cmake-3.27/Modules/CMakeFindDependencyMacro.cmake:76 (find_package)
  build/ioda/ioda-import.cmake:40 (find_dependency)
  build/ioda/ioda-config.cmake:64 (include)
  ufo-data/CMakeLists.txt:22 (find_package)
This warning is for project developers.  Use -Wno-dev to suppress it.

-- Found Boost: /contrib/spack-stack/spack-stack-1.9.3/envs/ue-oneapi-2024.2.1/install/oneapi/2024.2.1/boost-1.84.0-nevx737/lib/cmake/Boost-1.84.0/BoostConfig.cmake (found version "1.84.0")  
-- Found OpenMP_CXX: -fiopenmp (found version "5.1") 
-- Found OpenMP: TRUE (found version "5.1") found components: CXX 
-- Found OpenMP_CXX: -fiopenmp (found version "5.1") 
-- Found OpenMP_Fortran: -qopenmp (found version "5.0") 
-- Found OpenMP: TRUE (found version "5.1") found components: C CXX Fortran 
-- Found bufr: /contrib/spack-stack/spack-stack-1.9.3/envs/ue-oneapi-2024.2.1/install/oneapi/2024.2.1/bufr-12.1.0-5nzgrop/lib64/libbufr_4.so (found version "12.1.0")
-- ---------------------------------------------------------
-- Adding bundle project ufo
-- ---------------------------------------------------------
-- [32m[ufo] (1.10.0) [a08ec49][m
-- Feature TESTS enabled
-- Feature WARNINGS enabled
-- Added CXX flag [-Wall]
-- Added CXX flag [-Wno-sign-compare]
-- Added Fortran flag [-warn]
-- Added CXX flag [-fp-model=precise] to build type DEBUG
-- Added Fortran flag [-ftrapuv -fp-model=precise -fpe-all=0] to build type DEBUG
-- Added CXX flag [-fp-model=strict]
-- Added Fortran flag [-fp-model=strict]
-- Found MPI: TRUE (found version "3.1") found components: C CXX Fortran 
CMake Warning (dev) at ufo/CMakeLists.txt:51 (find_package):
  Policy CMP0144 is not set: find_package uses upper-case <PACKAGENAME>_ROOT
  variables.  Run "cmake --help-policy CMP0144" for policy details.  Use the
  cmake_policy command to set the policy and suppress this warning.

  Environment variable BOOST_ROOT is set to:

    /contrib/spack-stack/spack-stack-1.9.3/envs/ue-oneapi-2024.2.1/install/oneapi/2024.2.1/boost-1.84.0-nevx737

  For compatibility, find_package is ignoring the variable, but code in a
  .cmake module might still use it.
This warning is for project developers.  Use -Wno-dev to suppress it.

-- Found MPI: TRUE (found version "3.1")  
-- Found NetCDF: /contrib/spack-stack/spack-stack-1.9.3/envs/ue-oneapi-2024.2.1/install/oneapi/2024.2.1/netcdf-c-4.9.2-j7soiat/include;/contrib/spack-stack/spack-stack-1.9.3/envs/ue-oneapi-2024.2.1/install/oneapi/2024.2.1/netcdf-fortran-4.6.1-mcqlwg2/include;/contrib/spack-stack/spack-stack-1.9.3/envs/ue-oneapi-2024.2.1/install/oneapi/2024.2.1/netcdf-cxx4-4.3.1-cuu24rq/include (found version "4.9.2") found components: C CXX Fortran 
-- FindNetCDF defines targets:
--   - NetCDF_VERSION [4.9.2]
--   - NetCDF_PARALLEL [TRUE]
--   - NetCDF_C_CONFIG_EXECUTABLE [/contrib/spack-stack/spack-stack-1.9.3/envs/ue-oneapi-2024.2.1/install/oneapi/2024.2.1/netcdf-c-4.9.2-j7soiat/bin/nc-config]
--   - NetCDF::NetCDF_C [SHARED] [Root: /contrib/spack-stack/spack-stack-1.9.3/envs/ue-oneapi-2024.2.1/install/oneapi/2024.2.1/netcdf-c-4.9.2-j7soiat] Lib: /contrib/spack-stack/spack-stack-1.9.3/envs/ue-oneapi-2024.2.1/install/oneapi/2024.2.1/netcdf-c-4.9.2-j7soiat/lib/libnetcdf.so 
--   - NetCDF_CXX_CONFIG_EXECUTABLE [/contrib/spack-stack/spack-stack-1.9.3/envs/ue-oneapi-2024.2.1/install/oneapi/2024.2.1/netcdf-cxx4-4.3.1-cuu24rq/bin/ncxx4-config]
--   - NetCDF::NetCDF_CXX [SHARED] [Root: /contrib/spack-stack/spack-stack-1.9.3/envs/ue-oneapi-2024.2.1/install/oneapi/2024.2.1/netcdf-cxx4-4.3.1-cuu24rq] Lib: /contrib/spack-stack/spack-stack-1.9.3/envs/ue-oneapi-2024.2.1/install/oneapi/2024.2.1/netcdf-cxx4-4.3.1-cuu24rq/lib/libnetcdf_c++4.so 
--   - NetCDF_Fortran_CONFIG_EXECUTABLE [/contrib/spack-stack/spack-stack-1.9.3/envs/ue-oneapi-2024.2.1/install/oneapi/2024.2.1/netcdf-fortran-4.6.1-mcqlwg2/bin/nf-config]
--   - NetCDF::NetCDF_Fortran [SHARED] [Root: /contrib/spack-stack/spack-stack-1.9.3/envs/ue-oneapi-2024.2.1/install/oneapi/2024.2.1/netcdf-fortran-4.6.1-mcqlwg2] Lib: /contrib/spack-stack/spack-stack-1.9.3/envs/ue-oneapi-2024.2.1/install/oneapi/2024.2.1/netcdf-fortran-4.6.1-mcqlwg2/lib/libnetcdff.so 
-- Found OpenMP_CXX: -fiopenmp (found version "5.1") 
-- Found OpenMP_Fortran: -qopenmp (found version "5.0") 
-- Found OpenMP: TRUE (found version "5.1") found components: CXX Fortran 
-- Found OpenMP_CXX: -fiopenmp (found version "5.1") 
-- Found OpenMP: TRUE (found version "5.1") found components: CXX 
-- Found OpenMP_CXX: -fiopenmp (found version "5.1") 
-- Found OpenMP_Fortran: -qopenmp (found version "5.0") 
-- Found OpenMP: TRUE (found version "5.1") found components: C CXX Fortran 
-- Found bufr: /contrib/spack-stack/spack-stack-1.9.3/envs/ue-oneapi-2024.2.1/install/oneapi/2024.2.1/bufr-12.1.0-5nzgrop/lib64/libbufr_4.so (found version "12.1.0")
-- Found bufr: /contrib/spack-stack/spack-stack-1.9.3/envs/ue-oneapi-2024.2.1/install/oneapi/2024.2.1/bufr-12.1.0-5nzgrop/lib64/libbufr_4.so (found version "12.1.0")
-- CRTM FOUND; Including CRTM Observation Operator (3.1.3)
-- RTTOV NOT FOUND; Excluding RTTOV Radiance Observation Operator
-- GSW FOUND; Including Marine Observation Operators (3.0.8)
-- ROPP NOT FOUND: Excluding GNSSRO Bending angle ROPP Operators
-- GEOS-AERO NOT FOUND: Excluding AOD operator from GEOS
-- OASIM NOT FOUND: Excluding Ocean Atmosphere Spectral Irradiance Model
-- Up-to-date: /scratch3/NCEPDEV/fv3-cam/Ting.Lei/dr-debug/jedi-bundle/build/ufo/resources/namemap
-- Up-to-date: /scratch3/NCEPDEV/fv3-cam/Ting.Lei/dr-debug/jedi-bundle/build/ufo/resources/namemap/bayesian_name_map.yaml
-- Up-to-date: /scratch3/NCEPDEV/fv3-cam/Ting.Lei/dr-debug/jedi-bundle/build/ufo/resources/namemap/test_name_map.yaml
-- Skipping download of test data from https://bin.ssec.wisc.edu/pub/s4/CRTM/fix_REL-3.1.2.0.tgz since it already exists
-- Skipping download of test data from https://bin.ssec.wisc.edu/pub/s4/CRTM/file/ufo_testinput_tier_1_1.10.0.tar.gz since it already exists
-- ---------------------------------------------------------
-- Adding bundle project fv3-jedi-lm
CMake Deprecation Warning at fv3-jedi-lm/CMakeLists.txt:10 (cmake_minimum_required):
  Compatibility with CMake < 3.5 will be removed from a future version of
  CMake.

  Update the VERSION argument <min> value or use a ...<max> suffix to tell
  CMake that the project does not need compatibility with older versions.


CMake Warning (dev) at fv3-jedi-lm/CMakeLists.txt:18 (find_package):
  Policy CMP0074 is not set: find_package uses <PackageName>_ROOT variables.
  Run "cmake --help-policy CMP0074" for policy details.  Use the cmake_policy
  command to set the policy and suppress this warning.

  Environment variable ecbuild_ROOT is set to:

    /contrib/spack-stack/spack-stack-1.9.3/envs/ue-oneapi-2024.2.1/install/oneapi/2024.2.1/ecbuild-3.7.2-qa3xshv

  For compatibility, CMake is ignoring the variable.
This warning is for project developers.  Use -Wno-dev to suppress it.

-- Found ecbuild: /contrib/spack-stack/spack-stack-1.9.3/envs/ue-oneapi-2024.2.1/install/oneapi/2024.2.1/ecbuild-3.7.2-qa3xshv/share/ecbuild/cmake (found suitable version "3.7.2", minimum required is "3.6") 
-- ---------------------------------------------------------
-- [32m[fv3jedilm] (1.5.0) [5994c38][m
-- Feature TESTS enabled
-- Found OpenMP_Fortran: -qopenmp (found version "5.0") 
-- Found OpenMP: TRUE (found version "5.1") found components: C Fortran 
-- Found MPI: TRUE (found version "3.1") found components: Fortran 
-- fv3jedilm FOUND MPI
-- Found package MPI required for feature MPI
-- Feature MPI enabled
-- Found MPI: TRUE (found version "3.1")  
-- Found NetCDF: /contrib/spack-stack/spack-stack-1.9.3/envs/ue-oneapi-2024.2.1/install/oneapi/2024.2.1/netcdf-c-4.9.2-j7soiat/include;/contrib/spack-stack/spack-stack-1.9.3/envs/ue-oneapi-2024.2.1/install/oneapi/2024.2.1/netcdf-fortran-4.6.1-mcqlwg2/include;/contrib/spack-stack/spack-stack-1.9.3/envs/ue-oneapi-2024.2.1/install/oneapi/2024.2.1/netcdf-cxx4-4.3.1-cuu24rq/include (found version "4.9.2") found components: Fortran 
-- FindNetCDF defines targets:
--   - NetCDF_VERSION [4.9.2]
--   - NetCDF_PARALLEL [TRUE]
--   - NetCDF_C_CONFIG_EXECUTABLE [/contrib/spack-stack/spack-stack-1.9.3/envs/ue-oneapi-2024.2.1/install/oneapi/2024.2.1/netcdf-c-4.9.2-j7soiat/bin/nc-config]
--   - NetCDF::NetCDF_C [SHARED] [Root: /contrib/spack-stack/spack-stack-1.9.3/envs/ue-oneapi-2024.2.1/install/oneapi/2024.2.1/netcdf-c-4.9.2-j7soiat] Lib: /contrib/spack-stack/spack-stack-1.9.3/envs/ue-oneapi-2024.2.1/install/oneapi/2024.2.1/netcdf-c-4.9.2-j7soiat/lib/libnetcdf.so 
--   - NetCDF_Fortran_CONFIG_EXECUTABLE [/contrib/spack-stack/spack-stack-1.9.3/envs/ue-oneapi-2024.2.1/install/oneapi/2024.2.1/netcdf-fortran-4.6.1-mcqlwg2/bin/nf-config]
--   - NetCDF::NetCDF_Fortran [SHARED] [Root: /contrib/spack-stack/spack-stack-1.9.3/envs/ue-oneapi-2024.2.1/install/oneapi/2024.2.1/netcdf-fortran-4.6.1-mcqlwg2] Lib: /contrib/spack-stack/spack-stack-1.9.3/envs/ue-oneapi-2024.2.1/install/oneapi/2024.2.1/netcdf-fortran-4.6.1-mcqlwg2/lib/libnetcdff.so 
-- Found MPI: TRUE (found version "3.1") found components: Fortran 
-- Found OpenMP_Fortran: -qopenmp (found version "5.0") 
-- Found OpenMP: TRUE (found version "5.0") found components: Fortran 
-- Found MPI: TRUE (found version "3.1")  
-- Found FMS: "/contrib/spack-stack/spack-stack-1.9.3/envs/ue-oneapi-2024.2.1/install/oneapi/2024.2.1/fms-2024.02-33jbrlt" (Version: "2024.2.0")
-- FMS targets:
--   - FMS::fms_r4 [Lib: /contrib/spack-stack/spack-stack-1.9.3/envs/ue-oneapi-2024.2.1/install/oneapi/2024.2.1/fms-2024.02-33jbrlt/lib/libfms_r4.a]
--   - FMS::fms_r8 [Lib: /contrib/spack-stack/spack-stack-1.9.3/envs/ue-oneapi-2024.2.1/install/oneapi/2024.2.1/fms-2024.02-33jbrlt/lib/libfms_r8.a]
-- ---------------------------------------------------------
-- Adding bundle project fv3-jedi-data
CMake Deprecation Warning at fv3-jedi-data/CMakeLists.txt:10 (cmake_minimum_required):
  Compatibility with CMake < 3.5 will be removed from a future version of
  CMake.

  Update the VERSION argument <min> value or use a ...<max> suffix to tell
  CMake that the project does not need compatibility with older versions.


-- ---------------------------------------------------------
-- Adding bundle project fv3-jedi
failed to create symbolic link '/scratch3/NCEPDEV/fv3-cam/Ting.Lei/dr-debug/jedi-bundle/fv3-jedi' because existing path cannot be removed: Is a directory
CMake Deprecation Warning at fv3-jedi/CMakeLists.txt:10 (cmake_minimum_required):
  Compatibility with CMake < 3.5 will be removed from a future version of
  CMake.

  Update the VERSION argument <min> value or use a ...<max> suffix to tell
  CMake that the project does not need compatibility with older versions.


CMake Warning (dev) at fv3-jedi/CMakeLists.txt:20 (find_package):
  Policy CMP0074 is not set: find_package uses <PackageName>_ROOT variables.
  Run "cmake --help-policy CMP0074" for policy details.  Use the cmake_policy
  command to set the policy and suppress this warning.

  Environment variable ecbuild_ROOT is set to:

    /contrib/spack-stack/spack-stack-1.9.3/envs/ue-oneapi-2024.2.1/install/oneapi/2024.2.1/ecbuild-3.7.2-qa3xshv

  For compatibility, CMake is ignoring the variable.
This warning is for project developers.  Use -Wno-dev to suppress it.

-- ---------------------------------------------------------
-- [32m[fv3jedi] (1.9.0) [4754f81][m
-- Feature TESTS enabled
-- Feature WARNINGS enabled
-- Added CXX flag [-Wall]
-- Added CXX flag [-Wno-sign-compare]
-- Added Fortran flag [-warn]
-- Added CXX flag [-fp-model=precise] to build type DEBUG
-- Added Fortran flag [-ftrapuv -fp-model=precise -fpe-all=0] to build type DEBUG
-- Found NetCDF: /contrib/spack-stack/spack-stack-1.9.3/envs/ue-oneapi-2024.2.1/install/oneapi/2024.2.1/netcdf-c-4.9.2-j7soiat/include;/contrib/spack-stack/spack-stack-1.9.3/envs/ue-oneapi-2024.2.1/install/oneapi/2024.2.1/netcdf-fortran-4.6.1-mcqlwg2/include;/contrib/spack-stack/spack-stack-1.9.3/envs/ue-oneapi-2024.2.1/install/oneapi/2024.2.1/netcdf-cxx4-4.3.1-cuu24rq/include (found version "4.9.2") found components: C Fortran 
-- FindNetCDF defines targets:
--   - NetCDF_VERSION [4.9.2]
--   - NetCDF_PARALLEL [TRUE]
--   - NetCDF_C_CONFIG_EXECUTABLE [/contrib/spack-stack/spack-stack-1.9.3/envs/ue-oneapi-2024.2.1/install/oneapi/2024.2.1/netcdf-c-4.9.2-j7soiat/bin/nc-config]
--   - NetCDF::NetCDF_C [SHARED] [Root: /contrib/spack-stack/spack-stack-1.9.3/envs/ue-oneapi-2024.2.1/install/oneapi/2024.2.1/netcdf-c-4.9.2-j7soiat] Lib: /contrib/spack-stack/spack-stack-1.9.3/envs/ue-oneapi-2024.2.1/install/oneapi/2024.2.1/netcdf-c-4.9.2-j7soiat/lib/libnetcdf.so 
--   - NetCDF_Fortran_CONFIG_EXECUTABLE [/contrib/spack-stack/spack-stack-1.9.3/envs/ue-oneapi-2024.2.1/install/oneapi/2024.2.1/netcdf-fortran-4.6.1-mcqlwg2/bin/nf-config]
--   - NetCDF::NetCDF_Fortran [SHARED] [Root: /contrib/spack-stack/spack-stack-1.9.3/envs/ue-oneapi-2024.2.1/install/oneapi/2024.2.1/netcdf-fortran-4.6.1-mcqlwg2] Lib: /contrib/spack-stack/spack-stack-1.9.3/envs/ue-oneapi-2024.2.1/install/oneapi/2024.2.1/netcdf-fortran-4.6.1-mcqlwg2/lib/libnetcdff.so 
-- Found OpenMP_CXX: -fiopenmp (found version "5.1") 
-- Found OpenMP: TRUE (found version "5.1") found components: CXX 
-- Found OpenMP_CXX: -fiopenmp (found version "5.1") 
-- Found OpenMP_Fortran: -qopenmp (found version "5.0") 
-- Found OpenMP: TRUE (found version "5.1") found components: CXX Fortran 
CMake Warning (dev) at /contrib/spack-stack/spack-stack-1.9.3/envs/ue-oneapi-2024.2.1/install/oneapi/2024.2.1/cmake-3.27.9-ggd7nbu/share/cmake-3.27/Modules/CMakeFindDependencyMacro.cmake:76 (find_package):
  Policy CMP0144 is not set: find_package uses upper-case <PACKAGENAME>_ROOT
  variables.  Run "cmake --help-policy CMP0144" for policy details.  Use the
  cmake_policy command to set the policy and suppress this warning.

  Environment variable BOOST_ROOT is set to:

    /contrib/spack-stack/spack-stack-1.9.3/envs/ue-oneapi-2024.2.1/install/oneapi/2024.2.1/boost-1.84.0-nevx737

  For compatibility, find_package is ignoring the variable, but code in a
  .cmake module might still use it.
Call Stack (most recent call first):
  build/oops/oops-import.cmake:39 (find_dependency)
  build/oops/oops-config.cmake:83 (include)
  fv3-jedi/CMakeLists.txt:63 (find_package)
This warning is for project developers.  Use -Wno-dev to suppress it.

-- Found OpenMP_Fortran: -qopenmp (found version "5.0") 
-- Found OpenMP: TRUE (found version "5.0") found components: Fortran 
-- FFTW targets:
--     FFTW::fftw3 (double precision)  [/apps/spack-2024-12/linux-rocky9-x86_64/oneapi-2024.2.1/intel-oneapi-mkl-2024.2.1-xnoyobr3t3tov375bqiwzuue5fbtjixa/mkl/2024.2/lib/libmkl_intel_lp64.so;/apps/spack-2024-12/linux-rocky9-x86_64/oneapi-2024.2.1/intel-oneapi-mkl-2024.2.1-xnoyobr3t3tov375bqiwzuue5fbtjixa/mkl/2024.2/lib/libmkl_sequential.so;/apps/spack-2024-12/linux-rocky9-x86_64/oneapi-2024.2.1/intel-oneapi-mkl-2024.2.1-xnoyobr3t3tov375bqiwzuue5fbtjixa/mkl/2024.2/lib/libmkl_core.so]
-- CRTM found: enabling CRTM-dependent code paths and tests
-- Found OpenMP_CXX: -fiopenmp (found version "5.1") 
-- Found OpenMP_Fortran: -qopenmp (found version "5.0") 
-- Found OpenMP: TRUE (found version "5.1") found components: C CXX Fortran 
-- Found bufr: /contrib/spack-stack/spack-stack-1.9.3/envs/ue-oneapi-2024.2.1/install/oneapi/2024.2.1/bufr-12.1.0-5nzgrop/lib64/libbufr_4.so (found version "12.1.0")
-- Found OpenMP_Fortran: -qopenmp (found version "5.0") 
-- Found OpenMP: TRUE (found version "5.0") found components: Fortran 
-- Found MPI: TRUE (found version "3.1") found components: CXX Fortran 
-- Found MPI: TRUE (found version "3.1") found components: Fortran 
-- Found OpenMP_Fortran: -qopenmp (found version "5.0") 
-- Found MPI: TRUE (found version "3.1")  
-- Found FMS: "/contrib/spack-stack/spack-stack-1.9.3/envs/ue-oneapi-2024.2.1/install/oneapi/2024.2.1/fms-2024.02-33jbrlt" (Version: "2024.2.0")
-- FMS targets:
--   - FMS::fms_r4 [Lib: /contrib/spack-stack/spack-stack-1.9.3/envs/ue-oneapi-2024.2.1/install/oneapi/2024.2.1/fms-2024.02-33jbrlt/lib/libfms_r4.a]
--   - FMS::fms_r8 [Lib: /contrib/spack-stack/spack-stack-1.9.3/envs/ue-oneapi-2024.2.1/install/oneapi/2024.2.1/fms-2024.02-33jbrlt/lib/libfms_r8.a]
-- Use crtm test data provided by ufo in /scratch3/NCEPDEV/fv3-cam/Ting.Lei/dr-debug/jedi-bundle/test-data-release/fix_REL-3.1.2.0/fix
-- Skipping download of test data from https://bin.ssec.wisc.edu/pub/s4/CRTM/file/fv3-jedi_testinput_tier_1_1.9.0.tar.gz since it already exists
-- Creating static B yaml files for cycle: 2020-12-14:21
-- Creating static B yaml files for cycle: 2020-12-15:00
-- Creating static B yaml files for cycle: 2020-12-15:03
-- Creating static B yaml files for cycle: 2020-12-14:21
-- Creating static B yaml files for cycle: 2020-12-15:00
-- Creating static B yaml files for cycle: 2020-12-15:03
-- Creating static B yaml files for cycle: 2018-04-14:21
-- Creating static B yaml files for cycle: 2018-04-15:00
-- Creating static B yaml files for cycle: 2018-04-15:03
-- Creating ensemble B yaml files for cycle: 2020-12-14:21
-- Creating ensemble B yaml files for cycle: 2020-12-15:00
-- Creating ensemble B yaml files for cycle: 2020-12-15:03
-- ---------------------------------------------------------
-- Adding bundle project soca
-- Found ecbuild: /contrib/spack-stack/spack-stack-1.9.3/envs/ue-oneapi-2024.2.1/install/oneapi/2024.2.1/ecbuild-3.7.2-qa3xshv/share/ecbuild/cmake (found suitable version "3.7.2", minimum required is "3.3.2") 
-- ---------------------------------------------------------
-- [32m[soca] (1.8.0) [3bf226d][m
-- Feature TESTS enabled
-- Feature WARNINGS enabled
-- Added CXX flag [-Wall]
-- Added CXX flag [-Wno-sign-compare]
-- Added Fortran flag [-warn]
-- Added CXX flag [-fp-model=precise] to build type DEBUG
-- Added Fortran flag [-ftrapuv -fp-model=precise -fpe-all=0] to build type DEBUG
-- Added Fortran flag [-fp-model=strict]
-- Found NetCDF: /contrib/spack-stack/spack-stack-1.9.3/envs/ue-oneapi-2024.2.1/install/oneapi/2024.2.1/netcdf-fortran-4.6.1-mcqlwg2/include (found version "4.9.2") found components: Fortran C 
-- FindNetCDF defines targets:
--   - NetCDF::NetCDF_Fortran [/contrib/spack-stack/spack-stack-1.9.3/envs/ue-oneapi-2024.2.1/install/oneapi/2024.2.1/netcdf-fortran-4.6.1-mcqlwg2/lib/libnetcdff.so]
--   - NetCDF::NetCDF_C [/contrib/spack-stack/spack-stack-1.9.3/envs/ue-oneapi-2024.2.1/install/oneapi/2024.2.1/netcdf-c-4.9.2-j7soiat/lib/libnetcdf.so]
-- Found OpenMP_CXX: -fiopenmp (found version "5.1") 
-- Found OpenMP: TRUE (found version "5.1") found components: CXX 
-- Found OpenMP_CXX: -fiopenmp (found version "5.1") 
-- Found OpenMP_Fortran: -qopenmp (found version "5.0") 
-- Found OpenMP: TRUE (found version "5.1") found components: CXX Fortran 
-- Found MPI: TRUE (found version "3.1") found components: CXX Fortran 
CMake Warning (dev) at /contrib/spack-stack/spack-stack-1.9.3/envs/ue-oneapi-2024.2.1/install/oneapi/2024.2.1/cmake-3.27.9-ggd7nbu/share/cmake-3.27/Modules/CMakeFindDependencyMacro.cmake:76 (find_package):
  Policy CMP0144 is not set: find_package uses upper-case <PACKAGENAME>_ROOT
  variables.  Run "cmake --help-policy CMP0144" for policy details.  Use the
  cmake_policy command to set the policy and suppress this warning.

  Environment variable BOOST_ROOT is set to:

    /contrib/spack-stack/spack-stack-1.9.3/envs/ue-oneapi-2024.2.1/install/oneapi/2024.2.1/boost-1.84.0-nevx737

  For compatibility, find_package is ignoring the variable, but code in a
  .cmake module might still use it.
Call Stack (most recent call first):
  build/oops/oops-import.cmake:39 (find_dependency)
  build/oops/oops-config.cmake:83 (include)
  soca/CMakeLists.txt:29 (find_package)
This warning is for project developers.  Use -Wno-dev to suppress it.

-- Found OpenMP_Fortran: -qopenmp (found version "5.0") 
-- Found OpenMP: TRUE (found version "5.0") found components: Fortran 
-- FFTW targets:
--     FFTW::fftw3 (double precision)  [/apps/spack-2024-12/linux-rocky9-x86_64/oneapi-2024.2.1/intel-oneapi-mkl-2024.2.1-xnoyobr3t3tov375bqiwzuue5fbtjixa/mkl/2024.2/lib/libmkl_intel_lp64.so;/apps/spack-2024-12/linux-rocky9-x86_64/oneapi-2024.2.1/intel-oneapi-mkl-2024.2.1-xnoyobr3t3tov375bqiwzuue5fbtjixa/mkl/2024.2/lib/libmkl_sequential.so;/apps/spack-2024-12/linux-rocky9-x86_64/oneapi-2024.2.1/intel-oneapi-mkl-2024.2.1-xnoyobr3t3tov375bqiwzuue5fbtjixa/mkl/2024.2/lib/libmkl_core.so]
-- Found OpenMP_CXX: -fiopenmp (found version "5.1") 
-- Found OpenMP_Fortran: -qopenmp (found version "5.0") 
-- Found OpenMP: TRUE (found version "5.1") found components: C CXX Fortran 
-- Found bufr: /contrib/spack-stack/spack-stack-1.9.3/envs/ue-oneapi-2024.2.1/install/oneapi/2024.2.1/bufr-12.1.0-5nzgrop/lib64/libbufr_4.so (found version "12.1.0")
-- Found MPI: TRUE (found version "3.1")  
-- Found NetCDF: /contrib/spack-stack/spack-stack-1.9.3/envs/ue-oneapi-2024.2.1/install/oneapi/2024.2.1/netcdf-c-4.9.2-j7soiat/include;/contrib/spack-stack/spack-stack-1.9.3/envs/ue-oneapi-2024.2.1/install/oneapi/2024.2.1/netcdf-fortran-4.6.1-mcqlwg2/include;/contrib/spack-stack/spack-stack-1.9.3/envs/ue-oneapi-2024.2.1/install/oneapi/2024.2.1/netcdf-cxx4-4.3.1-cuu24rq/include (found version "4.9.2") found components: Fortran 
-- FindNetCDF defines targets:
--   - NetCDF_VERSION [4.9.2]
--   - NetCDF_PARALLEL [TRUE]
--   - NetCDF_C_CONFIG_EXECUTABLE [/contrib/spack-stack/spack-stack-1.9.3/envs/ue-oneapi-2024.2.1/install/oneapi/2024.2.1/netcdf-c-4.9.2-j7soiat/bin/nc-config]
--   - NetCDF::NetCDF_C [SHARED] [Root: /contrib/spack-stack/spack-stack-1.9.3/envs/ue-oneapi-2024.2.1/install/oneapi/2024.2.1/netcdf-c-4.9.2-j7soiat] Lib: /contrib/spack-stack/spack-stack-1.9.3/envs/ue-oneapi-2024.2.1/install/oneapi/2024.2.1/netcdf-c-4.9.2-j7soiat/lib/libnetcdf.so 
--   - NetCDF_Fortran_CONFIG_EXECUTABLE [/contrib/spack-stack/spack-stack-1.9.3/envs/ue-oneapi-2024.2.1/install/oneapi/2024.2.1/netcdf-fortran-4.6.1-mcqlwg2/bin/nf-config]
--   - NetCDF::NetCDF_Fortran [SHARED] [Root: /contrib/spack-stack/spack-stack-1.9.3/envs/ue-oneapi-2024.2.1/install/oneapi/2024.2.1/netcdf-fortran-4.6.1-mcqlwg2] Lib: /contrib/spack-stack/spack-stack-1.9.3/envs/ue-oneapi-2024.2.1/install/oneapi/2024.2.1/netcdf-fortran-4.6.1-mcqlwg2/lib/libnetcdff.so 
-- Found MPI: TRUE (found version "3.1") found components: Fortran 
-- Found OpenMP_Fortran: -qopenmp (found version "5.0") 
-- Found OpenMP: TRUE (found version "5.0") found components: Fortran 
-- Found MPI: TRUE (found version "3.1")  
-- Found FMS: "/contrib/spack-stack/spack-stack-1.9.3/envs/ue-oneapi-2024.2.1/install/oneapi/2024.2.1/fms-2024.02-33jbrlt" (Version: "2024.2.0")
-- FMS targets:
--   - FMS::fms_r4 [Lib: /contrib/spack-stack/spack-stack-1.9.3/envs/ue-oneapi-2024.2.1/install/oneapi/2024.2.1/fms-2024.02-33jbrlt/lib/libfms_r4.a]
-- Found OpenMP_C: -fiopenmp (found version "5.1") 
-- Found OpenMP_Fortran: -qopenmp (found version "5.0") 
-- Found OpenMP: TRUE (found version "5.1") found components: C Fortran 
Building MOM6 standalone executable
-- ---------------------------------------------------------
-- Adding bundle project mpas
-- [OPTION] MPAS_CORES: init_atmosphere;atmosphere
-- [OPTION] MPAS_DOUBLE_PRECISION: ON
-- [OPTION] MPAS_PROFILE: OFF
-- [OPTION] MPAS_OPENMP: ON
-- [OPTION] BUILD_SHARED_LIBS: ON
-- [OPTION] MPAS_USE_PIO: OFF
-- Found OpenMP_Fortran: -qopenmp (found version "5.0") 
-- Found OpenMP: TRUE (found version "5.0") found components: Fortran 
-- Found MPI: TRUE (found version "3.1") found components: Fortran 
-- FindPnetCDF:
--   - PnetCDF_VERSION [1.12.3]
--   - PnetCDF_PREFIX [/contrib/spack-stack/spack-stack-1.9.3/envs/ue-oneapi-2024.2.1/install/oneapi/2024.2.1/parallel-netcdf-1.12.3-oeqtpxg]
--   - PnetCDF Components Found: Fortran;C;CXX
-- Unknown compiler: IntelLLVM
-- Found MPI: TRUE (found version "3.1") found components: C Fortran 
-- Found PnetCDF: /contrib/spack-stack/spack-stack-1.9.3/envs/ue-oneapi-2024.2.1/install/oneapi/2024.2.1/parallel-netcdf-1.12.3-oeqtpxg/bin/pnetcdf-config (found version "1.12.3") found components: Fortran C 
-- Configure MPAS for internal ESMF
CPP_EXTRA_FLAGS: -DCORE_INIT_ATMOSPHERE;-DMPAS_NAMELIST_SUFFIX=init_atmosphere;-DMPAS_EXE_NAME=mpas_init_atmosphere;-DMPAS_GIT_VERSION=v8.4.0;-DMPAS_BUILD_TARGET=Intel
Processing externals description file : /scratch3/NCEPDEV/fv3-cam/Ting.Lei/dr-debug/jedi-bundle/mpas/src/core_atmosphere/Externals.cfg (/scratch3/NCEPDEV/fv3-cam/Ting.Lei/dr-debug/jedi-bundle/mpas/src/core_atmosphere/physics)
Checking local status of required & optional components: mmm-physics, gsl_ugwp, 
Checking out externals: mmm-physics, gsl_ugwp, 

-- Finished checking out external repos via manage_externals
CPP_EXTRA_FLAGS: -DCORE_ATMOSPHERE;-DMPAS_NAMELIST_SUFFIX=atmosphere;-DMPAS_EXE_NAME=mpas_atmosphere;-DMPAS_GIT_VERSION=v8.4.0;-DMPAS_BUILD_TARGET=Intel
-- MPAS-Data source dir: /scratch3/NCEPDEV/fv3-cam/Ting.Lei/dr-debug/jedi-bundle/build/_deps/mpas_data-src
-- ---------------------------------------------------------
-- Adding bundle project mpas-jedi-data
-- ---------------------------------------------------------
-- Adding bundle project mpas-jedi
failed to create symbolic link '/scratch3/NCEPDEV/fv3-cam/Ting.Lei/dr-debug/jedi-bundle/mpas-jedi' because existing path cannot be removed: Is a directory
-- ---------------------------------------------------------
-- [32m[mpasjedi] (3.1.0) [6dbc8c9][m
-- Feature TESTS enabled
-- Feature WARNINGS enabled
-- Added CXX flag [-Wall]
-- Added CXX flag [-Wno-sign-compare]
-- Added Fortran flag [-warn]
-- Added CXX flag [-fp-model=precise] to build type DEBUG
-- Added Fortran flag [-ftrapuv -fp-model=precise -fpe-all=0] to build type DEBUG
-- Found OpenMP_CXX: -fiopenmp (found version "5.1") 
-- Found OpenMP: TRUE (found version "5.1") found components: CXX Fortran 
-- Found MPI: TRUE (found version "3.1") found components: CXX Fortran 
CMake Warning (dev) at mpas-jedi/CMakeLists.txt:38 (find_package):
  Policy CMP0144 is not set: find_package uses upper-case <PACKAGENAME>_ROOT
  variables.  Run "cmake --help-policy CMP0144" for policy details.  Use the
  cmake_policy command to set the policy and suppress this warning.

  Environment variable BOOST_ROOT is set to:

    /contrib/spack-stack/spack-stack-1.9.3/envs/ue-oneapi-2024.2.1/install/oneapi/2024.2.1/boost-1.84.0-nevx737

  For compatibility, find_package is ignoring the variable, but code in a
  .cmake module might still use it.
This warning is for project developers.  Use -Wno-dev to suppress it.

-- Found PnetCDF: /contrib/spack-stack/spack-stack-1.9.3/envs/ue-oneapi-2024.2.1/install/oneapi/2024.2.1/parallel-netcdf-1.12.3-oeqtpxg/bin/pnetcdf-config (found version "1.12.3") found components: Fortran 
-- FindPnetCDF:
--   - PnetCDF_VERSION [1.12.3]
--   - PnetCDF_PREFIX [/contrib/spack-stack/spack-stack-1.9.3/envs/ue-oneapi-2024.2.1/install/oneapi/2024.2.1/parallel-netcdf-1.12.3-oeqtpxg]
--   - PnetCDF Components Found: Fortran;C;CXX
-- FindPIO:
--   - PIO_PREFIX [/contrib/spack-stack/spack-stack-1.9.3/envs/ue-oneapi-2024.2.1/install/oneapi/2024.2.1/parallelio-2.6.2-4tj7u7h]
--   - PIO Components Found: Fortran;C;SHARED
-- Found MPAS: (version: "8.4.0") (components: SHARED;OpenMP;DOUBLE_PRECISION;core_atmosphere;core_init_atmosphere)
-- Found OpenMP_CXX: -fiopenmp (found version "5.1") 
-- Found OpenMP: TRUE (found version "5.1") found components: CXX 
-- Configure mpas-jedi for internal ESMF
-- Found OpenMP_Fortran: -qopenmp (found version "5.0") 
-- Found OpenMP: TRUE (found version "5.0") found components: Fortran 
-- FFTW targets:
--     FFTW::fftw3 (double precision)  [/apps/spack-2024-12/linux-rocky9-x86_64/oneapi-2024.2.1/intel-oneapi-mkl-2024.2.1-xnoyobr3t3tov375bqiwzuue5fbtjixa/mkl/2024.2/lib/libmkl_intel_lp64.so;/apps/spack-2024-12/linux-rocky9-x86_64/oneapi-2024.2.1/intel-oneapi-mkl-2024.2.1-xnoyobr3t3tov375bqiwzuue5fbtjixa/mkl/2024.2/lib/libmkl_sequential.so;/apps/spack-2024-12/linux-rocky9-x86_64/oneapi-2024.2.1/intel-oneapi-mkl-2024.2.1-xnoyobr3t3tov375bqiwzuue5fbtjixa/mkl/2024.2/lib/libmkl_core.so]
-- Found OpenMP_C: -fiopenmp (found version "5.1") 
-- Found OpenMP_CXX: -fiopenmp (found version "5.1") 
-- Found OpenMP_Fortran: -qopenmp (found version "5.0") 
-- Found OpenMP: TRUE (found version "5.1") found components: C CXX Fortran 
-- Found bufr: /contrib/spack-stack/spack-stack-1.9.3/envs/ue-oneapi-2024.2.1/install/oneapi/2024.2.1/bufr-12.1.0-5nzgrop/lib64/libbufr_4.so (found version "12.1.0")
-- Found MPI: TRUE (found version "3.1")  
-- Found NetCDF: /contrib/spack-stack/spack-stack-1.9.3/envs/ue-oneapi-2024.2.1/install/oneapi/2024.2.1/netcdf-c-4.9.2-j7soiat/include;/contrib/spack-stack/spack-stack-1.9.3/envs/ue-oneapi-2024.2.1/install/oneapi/2024.2.1/netcdf-fortran-4.6.1-mcqlwg2/include;/contrib/spack-stack/spack-stack-1.9.3/envs/ue-oneapi-2024.2.1/install/oneapi/2024.2.1/netcdf-cxx4-4.3.1-cuu24rq/include (found version "4.9.2") found components: Fortran 
-- FindNetCDF defines targets:
--   - NetCDF_VERSION [4.9.2]
--   - NetCDF_PARALLEL [TRUE]
--   - NetCDF_C_CONFIG_EXECUTABLE [/contrib/spack-stack/spack-stack-1.9.3/envs/ue-oneapi-2024.2.1/install/oneapi/2024.2.1/netcdf-c-4.9.2-j7soiat/bin/nc-config]
--   - NetCDF::NetCDF_C [SHARED] [Root: /contrib/spack-stack/spack-stack-1.9.3/envs/ue-oneapi-2024.2.1/install/oneapi/2024.2.1/netcdf-c-4.9.2-j7soiat] Lib: /contrib/spack-stack/spack-stack-1.9.3/envs/ue-oneapi-2024.2.1/install/oneapi/2024.2.1/netcdf-c-4.9.2-j7soiat/lib/libnetcdf.so 
--   - NetCDF_Fortran_CONFIG_EXECUTABLE [/contrib/spack-stack/spack-stack-1.9.3/envs/ue-oneapi-2024.2.1/install/oneapi/2024.2.1/netcdf-fortran-4.6.1-mcqlwg2/bin/nf-config]
--   - NetCDF::NetCDF_Fortran [SHARED] [Root: /contrib/spack-stack/spack-stack-1.9.3/envs/ue-oneapi-2024.2.1/install/oneapi/2024.2.1/netcdf-fortran-4.6.1-mcqlwg2] Lib: /contrib/spack-stack/spack-stack-1.9.3/envs/ue-oneapi-2024.2.1/install/oneapi/2024.2.1/netcdf-fortran-4.6.1-mcqlwg2/lib/libnetcdff.so 
-- Use crtm test data provided by ufo in /scratch3/NCEPDEV/fv3-cam/Ting.Lei/dr-debug/jedi-bundle/test-data-release/fix_REL-3.1.2.0/fix
-- Skipping download of test data from https://bin.ssec.wisc.edu/pub/s4/CRTM/file/mpas-jedi_testinput_tier_1_3.1.0.jcsda.tar.gz since it already exists
-- ---------------------------------------------------------
-- Adding bundle project coupling
-- ---------------------------------------------------------
-- [32m[coupling] (1.2.0) [0d301e0][m
-- Feature TESTS enabled
-- Found OpenMP_CXX: -fiopenmp (found version "5.1") 
-- Found OpenMP_Fortran: -qopenmp (found version "5.0") 
-- Found OpenMP: TRUE (found version "5.1") found components: CXX Fortran 
-- Found MPI: TRUE (found version "3.1") found components: CXX Fortran 
CMake Warning (dev) at /contrib/spack-stack/spack-stack-1.9.3/envs/ue-oneapi-2024.2.1/install/oneapi/2024.2.1/cmake-3.27.9-ggd7nbu/share/cmake-3.27/Modules/CMakeFindDependencyMacro.cmake:76 (find_package):
  Policy CMP0144 is not set: find_package uses upper-case <PACKAGENAME>_ROOT
  variables.  Run "cmake --help-policy CMP0144" for policy details.  Use the
  cmake_policy command to set the policy and suppress this warning.

  Environment variable BOOST_ROOT is set to:

    /contrib/spack-stack/spack-stack-1.9.3/envs/ue-oneapi-2024.2.1/install/oneapi/2024.2.1/boost-1.84.0-nevx737

  For compatibility, find_package is ignoring the variable, but code in a
  .cmake module might still use it.
Call Stack (most recent call first):
  build/oops/oops-import.cmake:39 (find_dependency)
  build/oops/oops-config.cmake:83 (include)
  coupling/CMakeLists.txt:31 (find_package)
This warning is for project developers.  Use -Wno-dev to suppress it.

-- Found OpenMP_CXX: -fiopenmp (found version "5.1") 
-- Found OpenMP: TRUE (found version "5.1") found components: CXX 
-- Use test data from fv3-jedi-data repository
-- ---------------------------------------------------------
-- Bundle jedi-bundle
-- ---------------------------------------------------------
-- ---------------------------------------------------------
-- Build summary
-- ---------------------------------------------------------
-- system : [ufe04] [Linux-5.14.0-570.60.1+4.1.el9_6_ciq.x86_64] [linux.64]
-- processor        : [x86_64]
-- endiness         : Little Endian -- IEEE []
-- build type       : [Debug]
-- timestamp        : [20260318010746]
-- install prefix   : [/usr/local]
--   bin dir        : [/usr/local/bin]
--   lib dir        : [/usr/local/lib64]
--   include dir    : [/usr/local/include]
--   data dir       : [/usr/local/share/jedi-bundle]
--   cmake dir      : [/usr/local/lib64/cmake/jedi-bundle]
-- ---------------------------------------------------------
-- C -- IntelLLVM 2024.2.1
--     compiler   : /apps/spack-2024-12/linux-rocky9-x86_64/gcc-11.4.1/intel-oneapi-compilers-2024.2.1-oqhstbmawnrsdw472p4pjsopj547o6xs/compiler/2024.2/bin/icx
--     flags      :  -O0 -g -traceback  
--     link flags : 
-- CXX -- IntelLLVM 2024.2.1
--     compiler   : /apps/spack-2024-12/linux-rocky9-x86_64/gcc-11.4.1/intel-oneapi-compilers-2024.2.1-oqhstbmawnrsdw472p4pjsopj547o6xs/compiler/2024.2/bin/icpx
--     flags      :  -O0 -g -traceback  
--     link flags : 
-- Fortran -- Intel 2021.1.0.20240703
--     compiler   : /apps/spack-2024-12/linux-rocky9-x86_64/gcc-11.4.1/intel-oneapi-compilers-2024.2.1-oqhstbmawnrsdw472p4pjsopj547o6xs/compiler/2024.2/bin/ifort
--     flags      :  -O0 -g -traceback -heap-arrays 32 -check all  
--     link flags : 
-- linker : /usr/bin/ld
-- ar     : /usr/bin/ar
-- ranlib : /usr/bin/ranlib
-- link flags
--     executable [-fsanitize=address    -Wl,--disable-new-dtags ]
--     shared lib [ -Wl,--disable-new-dtags ]
--     static lib [ -Wl,--disable-new-dtags ]
-- install rpath  : $ORIGIN/../lib64
-- common definitions: 
-- ---------------------------------------------------------
-- Feature summary
-- ---------------------------------------------------------
-- The following features have been enabled:

 * TESTS, jedi-bundle: Enable the unit tests, jedi-bundle: Enable the unit tests, gsibec: Enable the unit tests, gsw: Enable the unit tests, oops: Enable the unit tests, jedi-model-data: Enable the unit tests, vader: Enable the unit tests, saber: Enable the unit tests, ioda: Enable the unit tests, ufo_data: Enable the unit tests, ufo: Enable the unit tests, fv3jedilm: Enable the unit tests, fv3jedi: Enable the unit tests, soca: Enable the unit tests, mpasjedi: Enable the unit tests, coupling: Enable the unit tests
 * WARNINGS, oops: Add warnings to compiler, saber: Add warnings to compiler, ioda: Add warnings to compiler, ufo: Add warnings to compiler, fv3jedi: Add warnings to compiler, soca: Add warnings to compiler, mpasjedi: Add warnings to compiler
 * Python, Build Python bindings using pybind11
 * MPI, fv3jedilm: Support for MPI distributed parallelism

-- The following OPTIONAL packages have been found:

 * sp
 * jedi-model-data (required version >= 1.0.0)
 * Python3
 * pybind11
 * Git
 * PkgConfig
 * Perl

-- The following REQUIRED packages have been found:

 * FMS (required version >= 2023.04)
 * fv3jedilm (required version >= 1.5.0)
 * fms (required version >= 2023.3.0)
 * PnetCDF
 * PIO
 * MPAS (required version >= 8.0)
 * BLAS
 * gsw
 * FFTW
 * gsibec
 * saber (required version >= 1.10.0)
 * Threads
 * HDF5
 * gsl-lite
 * udunits (required version >= 2.2.0)
 * bufr (required version >= 12.0.1)
 * bufr_query (required version >= 0.0.4)
 * ioda (required version >= 2.9.0)
 * NetCDF
 * ufo (required version >= 1.10.0)
 * ecbuild (required version >= 3.3.2)
 * jedicmake
 * MKL
 * MPI, fv3jedilm: Support for MPI distributed parallelism
 * boost_headers (required version == 1.84.0)
 * Boost
 * eckit
 * hic
 * Eigen3
 * OpenMP
 * nlohmann_json
 * oops (required version >= 1.10.0)

-- The following OPTIONAL packages have not been found:

 * ECTRANS (required version >= 1.6.0)
 * ioda-data
 * geos-aero
 * ufo-data
 * ip
 * fv3-jedi-data
 * rttov (required version >= 12.1.0)
 * ropp-ufo
 * mpas-jedi-data
 * oasim

-- Configuring done (279.2s)
-- Generating done (103.2s)
-- Build files have been written to: /scratch3/NCEPDEV/fv3-cam/Ting.Lei/dr-debug/jedi-bundle/build
[  2%] Built target bump_f90
[  2%] Built target oops_test_headers
[  2%] Built target qg_headers
[  2%] Built target quench_headers
[  2%] Built target vader_headers
[  2%] Built target ioda_headers
[  2%] Built target ioda_test_headers
[  2%] Built target smiol
[  2%] Built target ezxml
[  2%] Built target init_atmosphere_include_link
[  2%] Built target atmosphere_include_link
[  3%] Built target icepack_limited
[  3%] Built target smiolf
[  3%] Linking C executable ../../../../bin/mpas_namelist_gen
[  3%] Built target esmf
[  3%] Linking C executable ../../../../bin/mpas_streams_gen
[  3%] Built target mpas_namelist_gen
[  4%] Built target parselib
[  5%] Built target mpas_streams_gen
[  5%] Linking C executable ../../../../bin/mpas_parse_init_atmosphere
[  5%] Built target mpas_parse_init_atmosphere
[  5%] Linking C executable ../../../../bin/mpas_parse_atmosphere
[  5%] Built target mpas_parse_atmosphere
[  5%] CORE init_atmosphere: Parse Registry
---- GENERATING IMMUTABLE STREAMS ----
---- GENERATING PACKAGE LOGIC ----
[  5%] CORE init_atmosphere: Generate Namelist
[ 10%] Built target gsw
[ 10%] CORE init_atmosphere: Generate Streams
[ 11%] Built target framework

=================================================================
==4062852==ERROR: LeakSanitizer: detected memory leaks

Direct leak of 1024 byte(s) in 1 object(s) allocated from:
    #0 0x4d1753 in malloc (/scratch3/NCEPDEV/fv3-cam/Ting.Lei/dr-debug/jedi-bundle/build/bin/mpas_namelist_gen+0x4d1753)
    #1 0x51139e in main /scratch3/NCEPDEV/fv3-cam/Ting.Lei/dr-debug/jedi-bundle/mpas/src/tools/input_gen/namelist_gen.c:49:15
    #2 0x7f1714a6f5cf in __libc_start_call_main (/usr/lib64/libc.so.6+0x295cf) (BuildId: d09a919a085d10d01109d735dd5c5b710cae4b2c)

Direct leak of 1024 byte(s) in 1 object(s) allocated from:
    #0 0x4d1753 in malloc (/scratch3/NCEPDEV/fv3-cam/Ting.Lei/dr-debug/jedi-bundle/build/bin/mpas_namelist_gen+0x4d1753)
    #1 0x511385 in main /scratch3/NCEPDEV/fv3-cam/Ting.Lei/dr-debug/jedi-bundle/mpas/src/tools/input_gen/namelist_gen.c:48:13
    #2 0x7f1714a6f5cf in __libc_start_call_main (/usr/lib64/libc.so.6+0x295cf) (BuildId: d09a919a085d10d01109d735dd5c5b710cae4b2c)

Direct leak of 54 byte(s) in 9 object(s) allocated from:
    #0 0x4b8efe in strdup (/scratch3/NCEPDEV/fv3-cam/Ting.Lei/dr-debug/jedi-bundle/build/bin/mpas_namelist_gen+0x4b8efe)
    #1 0x511824 in is_structure_writable /scratch3/NCEPDEV/fv3-cam/Ting.Lei/dr-debug/jedi-bundle/mpas/src/tools/input_gen/test_functions.c:29:13
    #2 0x5115be in generate_namelist /scratch3/NCEPDEV/fv3-cam/Ting.Lei/dr-debug/jedi-bundle/mpas/src/tools/input_gen/namelist_gen.c:106:16
    #3 0x51146f in main /scratch3/NCEPDEV/fv3-cam/Ting.Lei/dr-debug/jedi-bundle/mpas/src/tools/input_gen/namelist_gen.c:65:8
    #4 0x7f1714a6f5cf in __libc_start_call_main (/usr/lib64/libc.so.6+0x295cf) (BuildId: d09a919a085d10d01109d735dd5c5b710cae4b2c)

Direct leak of 46 byte(s) in 9 object(s) allocated from:
    #0 0x4b8efe in strdup (/scratch3/NCEPDEV/fv3-cam/Ting.Lei/dr-debug/jedi-bundle/build/bin/mpas_namelist_gen+0x4b8efe)
    #1 0x511824 in is_structure_writable /scratch3/NCEPDEV/fv3-cam/Ting.Lei/dr-debug/jedi-bundle/mpas/src/tools/input_gen/test_functions.c:29:13
    #2 0x511528 in generate_namelist /scratch3/NCEPDEV/fv3-cam/Ting.Lei/dr-debug/jedi-bundle/mpas/src/tools/input_gen/namelist_gen.c:92:18
    #3 0x51146f in main /scratch3/NCEPDEV/fv3-cam/Ting.Lei/dr-debug/jedi-bundle/mpas/src/tools/input_gen/namelist_gen.c:65:8
    #4 0x7f1714a6f5cf in __libc_start_call_main (/usr/lib64/libc.so.6+0x295cf) (BuildId: d09a919a085d10d01109d735dd5c5b710cae4b2c)

SUMMARY: AddressSanitizer: 2148 byte(s) leaked in 20 allocation(s).
make[2]: *** [mpas/src/core_init_atmosphere/CMakeFiles/gen_init_atmosphere.dir/build.make:109: mpas/src/core_init_atmosphere/namelist.init_atmosphere] Error 1
make[2]: *** Waiting for unfinished jobs....

=================================================================
==4062857==ERROR: LeakSanitizer: detected memory leaks

Indirect leak of 87040 byte(s) in 1 object(s) allocated from:
    #0 0x4d1c88 in realloc (/scratch3/NCEPDEV/fv3-cam/Ting.Lei/dr-debug/jedi-bundle/build/bin/mpas_streams_gen+0x4d1c88)
    #1 0x7f766e7bed36 in ezxml_parse_fp /scratch3/NCEPDEV/fv3-cam/Ting.Lei/dr-debug/jedi-bundle/mpas/src/external/ezxml/ezxml.c:621:37
    #2 0x511532 in main /scratch3/NCEPDEV/fv3-cam/Ting.Lei/dr-debug/jedi-bundle/mpas/src/tools/input_gen/streams_gen.c:86:21
    #3 0x7f766e4d05cf in __libc_start_call_main (/usr/lib64/libc.so.6+0x295cf) (BuildId: d09a919a085d10d01109d735dd5c5b710cae4b2c)

Indirect leak of 43520 byte(s) in 544 object(s) allocated from:
    #0 0x4d1753 in malloc (/scratch3/NCEPDEV/fv3-cam/Ting.Lei/dr-debug/jedi-bundle/build/bin/mpas_streams_gen+0x4d1753)
    #1 0x7f766e7bc445 in ezxml_add_child /scratch3/NCEPDEV/fv3-cam/Ting.Lei/dr-debug/jedi-bundle/mpas/src/external/ezxml/ezxml.c:904:29
    #2 0x7f766e7bc3da in ezxml_open_tag /scratch3/NCEPDEV/fv3-cam/Ting.Lei/dr-debug/jedi-bundle/mpas/src/external/ezxml/ezxml.c:232:26
    #3 0x7f766e7be459 in ezxml_parse_str /scratch3/NCEPDEV/fv3-cam/Ting.Lei/dr-debug/jedi-bundle/mpas/src/external/ezxml/ezxml.c:547:17
    #4 0x7f766e7bed8d in ezxml_parse_fp /scratch3/NCEPDEV/fv3-cam/Ting.Lei/dr-debug/jedi-bundle/mpas/src/external/ezxml/ezxml.c:625:26
    #5 0x511532 in main /scratch3/NCEPDEV/fv3-cam/Ting.Lei/dr-debug/jedi-bundle/mpas/src/tools/input_gen/streams_gen.c:86:21
    #6 0x7f766e4d05cf in __libc_start_call_main (/usr/lib64/libc.so.6+0x295cf) (BuildId: d09a919a085d10d01109d735dd5c5b710cae4b2c)

Indirect leak of 37184 byte(s) in 431 object(s) allocated from:
    #0 0x4d1c88 in realloc (/scratch3/NCEPDEV/fv3-cam/Ting.Lei/dr-debug/jedi-bundle/build/bin/mpas_streams_gen+0x4d1c88)
    #1 0x7f766e7bdfb5 in ezxml_parse_str /scratch3/NCEPDEV/fv3-cam/Ting.Lei/dr-debug/jedi-bundle/mpas/src/external/ezxml/ezxml.c:509:30
    #2 0x7f766e7bed8d in ezxml_parse_fp /scratch3/NCEPDEV/fv3-cam/Ting.Lei/dr-debug/jedi-bundle/mpas/src/external/ezxml/ezxml.c:625:26
    #3 0x511532 in main /scratch3/NCEPDEV/fv3-cam/Ting.Lei/dr-debug/jedi-bundle/mpas/src/tools/input_gen/streams_gen.c:86:21
    #4 0x7f766e4d05cf in __libc_start_call_main (/usr/lib64/libc.so.6+0x295cf) (BuildId: d09a919a085d10d01109d735dd5c5b710cae4b2c)

Indirect leak of 11860 byte(s) in 23 object(s) allocated from:
    #0 0x4d1c88 in realloc (/scratch3/NCEPDEV/fv3-cam/Ting.Lei/dr-debug/jedi-bundle/build/bin/mpas_streams_gen+0x4d1c88)
    #1 0x7f766e7bc5a0 in ezxml_char_content /scratch3/NCEPDEV/fv3-cam/Ting.Lei/dr-debug/jedi-bundle/mpas/src/external/ezxml/ezxml.c:254:22
    #2 0x7f766e7beb25 in ezxml_parse_str /scratch3/NCEPDEV/fv3-cam/Ting.Lei/dr-debug/jedi-bundle/mpas/src/external/ezxml/ezxml.c:598:21
    #3 0x7f766e7bed8d in ezxml_parse_fp /scratch3/NCEPDEV/fv3-cam/Ting.Lei/dr-debug/jedi-bundle/mpas/src/external/ezxml/ezxml.c:625:26
    #4 0x511532 in main /scratch3/NCEPDEV/fv3-cam/Ting.Lei/dr-debug/jedi-bundle/mpas/src/tools/input_gen/streams_gen.c:86:21
    #5 0x7f766e4d05cf in __libc_start_call_main (/usr/lib64/libc.so.6+0x295cf) (BuildId: d09a919a085d10d01109d735dd5c5b710cae4b2c)

Indirect leak of 4352 byte(s) in 136 object(s) allocated from:
    #0 0x4d1753 in malloc (/scratch3/NCEPDEV/fv3-cam/Ting.Lei/dr-debug/jedi-bundle/build/bin/mpas_streams_gen+0x4d1753)
    #1 0x7f766e7bdfc8 in ezxml_parse_str /scratch3/NCEPDEV/fv3-cam/Ting.Lei/dr-debug/jedi-bundle/mpas/src/external/ezxml/ezxml.c:510:30
    #2 0x7f766e7bed8d in ezxml_parse_fp /scratch3/NCEPDEV/fv3-cam/Ting.Lei/dr-debug/jedi-bundle/mpas/src/external/ezxml/ezxml.c:625:26
    #3 0x511532 in main /scratch3/NCEPDEV/fv3-cam/Ting.Lei/dr-debug/jedi-bundle/mpas/src/tools/input_gen/streams_gen.c:86:21
    #4 0x7f766e4d05cf in __libc_start_call_main (/usr/lib64/libc.so.6+0x295cf) (BuildId: d09a919a085d10d01109d735dd5c5b710cae4b2c)

Indirect leak of 2324 byte(s) in 431 object(s) allocated from:
    #0 0x4d1c88 in realloc (/scratch3/NCEPDEV/fv3-cam/Ting.Lei/dr-debug/jedi-bundle/build/bin/mpas_streams_gen+0x4d1c88)
    #1 0x7f766e7be005 in ezxml_parse_str /scratch3/NCEPDEV/fv3-cam/Ting.Lei/dr-debug/jedi-bundle/mpas/src/external/ezxml/ezxml.c:511:37
    #2 0x7f766e7bed8d in ezxml_parse_fp /scratch3/NCEPDEV/fv3-cam/Ting.Lei/dr-debug/jedi-bundle/mpas/src/external/ezxml/ezxml.c:625:26
    #3 0x511532 in main /scratch3/NCEPDEV/fv3-cam/Ting.Lei/dr-debug/jedi-bundle/mpas/src/tools/input_gen/streams_gen.c:86:21
    #4 0x7f766e4d05cf in __libc_start_call_main (/usr/lib64/libc.so.6+0x295cf) (BuildId: d09a919a085d10d01109d735dd5c5b710cae4b2c)

Indirect leak of 2000 byte(s) in 25 object(s) allocated from:
    #0 0x4d1753 in malloc (/scratch3/NCEPDEV/fv3-cam/Ting.Lei/dr-debug/jedi-bundle/build/bin/mpas_streams_gen+0x4d1753)
    #1 0x7f766e7bc445 in ezxml_add_child /scratch3/NCEPDEV/fv3-cam/Ting.Lei/dr-debug/jedi-bundle/mpas/src/external/ezxml/ezxml.c:904:29
    #2 0x7f766e7bc3da in ezxml_open_tag /scratch3/NCEPDEV/fv3-cam/Ting.Lei/dr-debug/jedi-bundle/mpas/src/external/ezxml/ezxml.c:232:26
    #3 0x7f766e7be4b6 in ezxml_parse_str /scratch3/NCEPDEV/fv3-cam/Ting.Lei/dr-debug/jedi-bundle/mpas/src/external/ezxml/ezxml.c:552:17
    #4 0x7f766e7bed8d in ezxml_parse_fp /scratch3/NCEPDEV/fv3-cam/Ting.Lei/dr-debug/jedi-bundle/mpas/src/external/ezxml/ezxml.c:625:26
    #5 0x511532 in main /scratch3/NCEPDEV/fv3-cam/Ting.Lei/dr-debug/jedi-bundle/mpas/src/tools/input_gen/streams_gen.c:86:21
    #6 0x7f766e4d05cf in __libc_start_call_main (/usr/lib64/libc.so.6+0x295cf) (BuildId: d09a919a085d10d01109d735dd5c5b710cae4b2c)

Indirect leak of 288 byte(s) in 1 object(s) allocated from:
    #0 0x4d1753 in malloc (/scratch3/NCEPDEV/fv3-cam/Ting.Lei/dr-debug/jedi-bundle/build/bin/mpas_streams_gen+0x4d1753)
    #1 0x7f766e7bebe5 in ezxml_new /scratch3/NCEPDEV/fv3-cam/Ting.Lei/dr-debug/jedi-bundle/mpas/src/external/ezxml/ezxml.c:845:46
    #2 0x7f766e7bdcab in ezxml_parse_str /scratch3/NCEPDEV/fv3-cam/Ting.Lei/dr-debug/jedi-bundle/mpas/src/external/ezxml/ezxml.c:479:39
    #3 0x7f766e7bed8d in ezxml_parse_fp /scratch3/NCEPDEV/fv3-cam/Ting.Lei/dr-debug/jedi-bundle/mpas/src/external/ezxml/ezxml.c:625:26
    #4 0x511532 in main /scratch3/NCEPDEV/fv3-cam/Ting.Lei/dr-debug/jedi-bundle/mpas/src/tools/input_gen/streams_gen.c:86:21
    #5 0x7f766e4d05cf in __libc_start_call_main (/usr/lib64/libc.so.6+0x295cf) (BuildId: d09a919a085d10d01109d735dd5c5b710cae4b2c)

Indirect leak of 272 byte(s) in 136 object(s) allocated from:
    #0 0x4d1753 in malloc (/scratch3/NCEPDEV/fv3-cam/Ting.Lei/dr-debug/jedi-bundle/build/bin/mpas_streams_gen+0x4d1753)
    #1 0x7f766e7be018 in ezxml_parse_str /scratch3/NCEPDEV/fv3-cam/Ting.Lei/dr-debug/jedi-bundle/mpas/src/external/ezxml/ezxml.c:512:37
    #2 0x7f766e7bed8d in ezxml_parse_fp /scratch3/NCEPDEV/fv3-cam/Ting.Lei/dr-debug/jedi-bundle/mpas/src/external/ezxml/ezxml.c:625:26
    #3 0x511532 in main /scratch3/NCEPDEV/fv3-cam/Ting.Lei/dr-debug/jedi-bundle/mpas/src/tools/input_gen/streams_gen.c:86:21
    #4 0x7f766e4d05cf in __libc_start_call_main (/usr/lib64/libc.so.6+0x295cf) (BuildId: d09a919a085d10d01109d735dd5c5b710cae4b2c)

Indirect leak of 88 byte(s) in 1 object(s) allocated from:
    #0 0x4d1753 in malloc (/scratch3/NCEPDEV/fv3-cam/Ting.Lei/dr-debug/jedi-bundle/build/bin/mpas_streams_gen+0x4d1753)
    #1 0x7f766e7bec47 in ezxml_new /scratch3/NCEPDEV/fv3-cam/Ting.Lei/dr-debug/jedi-bundle/mpas/src/external/ezxml/ezxml.c:850:24
    #2 0x7f766e7bdcab in ezxml_parse_str /scratch3/NCEPDEV/fv3-cam/Ting.Lei/dr-debug/jedi-bundle/mpas/src/external/ezxml/ezxml.c:479:39
    #3 0x7f766e7bed8d in ezxml_parse_fp /scratch3/NCEPDEV/fv3-cam/Ting.Lei/dr-debug/jedi-bundle/mpas/src/external/ezxml/ezxml.c:625:26
    #4 0x511532 in main /scratch3/NCEPDEV/fv3-cam/Ting.Lei/dr-debug/jedi-bundle/mpas/src/tools/input_gen/streams_gen.c:86:21
    #5 0x7f766e4d05cf in __libc_start_call_main (/usr/lib64/libc.so.6+0x295cf) (BuildId: d09a919a085d10d01109d735dd5c5b710cae4b2c)

Indirect leak of 81 byte(s) in 3 object(s) allocated from:
    #0 0x4d1753 in malloc (/scratch3/NCEPDEV/fv3-cam/Ting.Lei/dr-debug/jedi-bundle/build/bin/mpas_streams_gen+0x4d1753)
    #1 0x7f766e7bc5c6 in ezxml_char_content /scratch3/NCEPDEV/fv3-cam/Ting.Lei/dr-debug/jedi-bundle/mpas/src/external/ezxml/ezxml.c:255:29
    #2 0x7f766e7beb25 in ezxml_parse_str /scratch3/NCEPDEV/fv3-cam/Ting.Lei/dr-debug/jedi-bundle/mpas/src/external/ezxml/ezxml.c:598:21
    #3 0x7f766e7bed8d in ezxml_parse_fp /scratch3/NCEPDEV/fv3-cam/Ting.Lei/dr-debug/jedi-bundle/mpas/src/external/ezxml/ezxml.c:625:26
    #4 0x511532 in main /scratch3/NCEPDEV/fv3-cam/Ting.Lei/dr-debug/jedi-bundle/mpas/src/tools/input_gen/streams_gen.c:86:21
    #5 0x7f766e4d05cf in __libc_start_call_main (/usr/lib64/libc.so.6+0x295cf) (BuildId: d09a919a085d10d01109d735dd5c5b710cae4b2c)

SUMMARY: AddressSanitizer: 189009 byte(s) leaked in 1732 allocation(s).
make[2]: *** [mpas/src/core_init_atmosphere/CMakeFiles/gen_init_atmosphere.dir/build.make:114: mpas/src/core_init_atmosphere/streams.init_atmosphere] Error 1
make[1]: *** [CMakeFiles/Makefile2:52834: mpas/src/core_init_atmosphere/CMakeFiles/gen_init_atmosphere.dir/all] Error 2
make[1]: *** Waiting for unfinished jobs....
[ 11%] CORE atmosphere: Parse Registry
Warning: runtime_format attribute has no effect for immutable stream "lbc_in".
---- GENERATING IMMUTABLE STREAMS ----

=================================================================
==4062885==ERROR: LeakSanitizer: detected memory leaks

Direct leak of 1036 byte(s) in 5 object(s) allocated from:
    #0 0x4d1d88 in realloc (/scratch3/NCEPDEV/fv3-cam/Ting.Lei/dr-debug/jedi-bundle/build/bin/mpas_parse_atmosphere+0x4d1d88)
    #1 0x7f4ea132b5a0 in ezxml_char_content /scratch3/NCEPDEV/fv3-cam/Ting.Lei/dr-debug/jedi-bundle/mpas/src/external/ezxml/ezxml.c:254:22
    #2 0x7f4ea132db25 in ezxml_parse_str /scratch3/NCEPDEV/fv3-cam/Ting.Lei/dr-debug/jedi-bundle/mpas/src/external/ezxml/ezxml.c:598:21
    #3 0x7f4ea132dd8d in ezxml_parse_fp /scratch3/NCEPDEV/fv3-cam/Ting.Lei/dr-debug/jedi-bundle/mpas/src/external/ezxml/ezxml.c:625:26
    #4 0x511419 in main /scratch3/NCEPDEV/fv3-cam/Ting.Lei/dr-debug/jedi-bundle/mpas/src/tools/registry/parse.c:52:21
    #5 0x7f4e96a335cf in __libc_start_call_main (/usr/lib64/libc.so.6+0x295cf) (BuildId: d09a919a085d10d01109d735dd5c5b710cae4b2c)

Direct leak of 240 byte(s) in 5 object(s) allocated from:
    #0 0x4d1d88 in realloc (/scratch3/NCEPDEV/fv3-cam/Ting.Lei/dr-debug/jedi-bundle/build/bin/mpas_parse_atmosphere+0x4d1d88)
    #1 0x7f4ea132cfb5 in ezxml_parse_str /scratch3/NCEPDEV/fv3-cam/Ting.Lei/dr-debug/jedi-bundle/mpas/src/external/ezxml/ezxml.c:509:30
    #2 0x7f4ea132dd8d in ezxml_parse_fp /scratch3/NCEPDEV/fv3-cam/Ting.Lei/dr-debug/jedi-bundle/mpas/src/external/ezxml/ezxml.c:625:26
    #3 0x511419 in main /scratch3/NCEPDEV/fv3-cam/Ting.Lei/dr-debug/jedi-bundle/mpas/src/tools/registry/parse.c:52:21
    #4 0x7f4e96a335cf in __libc_start_call_main (/usr/lib64/libc.so.6+0x295cf) (BuildId: d09a919a085d10d01109d735dd5c5b710cae4b2c)

Indirect leak of 15 byte(s) in 5 object(s) allocated from:
    #0 0x4d1d88 in realloc (/scratch3/NCEPDEV/fv3-cam/Ting.Lei/dr-debug/jedi-bundle/build/bin/mpas_parse_atmosphere+0x4d1d88)
    #1 0x7f4ea132d005 in ezxml_parse_str /scratch3/NCEPDEV/fv3-cam/Ting.Lei/dr-debug/jedi-bundle/mpas/src/external/ezxml/ezxml.c:511:37
    #2 0x7f4ea132dd8d in ezxml_parse_fp /scratch3/NCEPDEV/fv3-cam/Ting.Lei/dr-debug/jedi-bundle/mpas/src/external/ezxml/ezxml.c:625:26
    #3 0x511419 in main /scratch3/NCEPDEV/fv3-cam/Ting.Lei/dr-debug/jedi-bundle/mpas/src/tools/registry/parse.c:52:21
    #4 0x7f4e96a335cf in __libc_start_call_main (/usr/lib64/libc.so.6+0x295cf) (BuildId: d09a919a085d10d01109d735dd5c5b710cae4b2c)

SUMMARY: AddressSanitizer: 1291 byte(s) leaked in 15 allocation(s).
make[2]: *** [mpas/src/core_atmosphere/CMakeFiles/gen_atmosphere.dir/build.make:83: mpas/src/core_atmosphere/block_dimension_routines.inc] Error 1
make[2]: *** Deleting file 'mpas/src/core_atmosphere/block_dimension_routines.inc'
make[2]: *** Waiting for unfinished jobs....
[ 11%] CORE atmosphere: Generate Namelist

=================================================================
==4062907==ERROR: LeakSanitizer: detected memory leaks

Direct leak of 1024 byte(s) in 1 object(s) allocated from:
    #0 0x4d1753 in malloc (/scratch3/NCEPDEV/fv3-cam/Ting.Lei/dr-debug/jedi-bundle/build/bin/mpas_namelist_gen+0x4d1753)
    #1 0x51139e in main /scratch3/NCEPDEV/fv3-cam/Ting.Lei/dr-debug/jedi-bundle/mpas/src/tools/input_gen/namelist_gen.c:49:15
    #2 0x7f8a890125cf in __libc_start_call_main (/usr/lib64/libc.so.6+0x295cf) (BuildId: d09a919a085d10d01109d735dd5c5b710cae4b2c)

Direct leak of 1024 byte(s) in 1 object(s) allocated from:
    #0 0x4d1753 in malloc (/scratch3/NCEPDEV/fv3-cam/Ting.Lei/dr-debug/jedi-bundle/build/bin/mpas_namelist_gen+0x4d1753)
    #1 0x511385 in main /scratch3/NCEPDEV/fv3-cam/Ting.Lei/dr-debug/jedi-bundle/mpas/src/tools/input_gen/namelist_gen.c:48:13
    #2 0x7f8a890125cf in __libc_start_call_main (/usr/lib64/libc.so.6+0x295cf) (BuildId: d09a919a085d10d01109d735dd5c5b710cae4b2c)

Direct leak of 592 byte(s) in 99 object(s) allocated from:
    #0 0x4b8efe in strdup (/scratch3/NCEPDEV/fv3-cam/Ting.Lei/dr-debug/jedi-bundle/build/bin/mpas_namelist_gen+0x4b8efe)
    #1 0x511824 in is_structure_writable /scratch3/NCEPDEV/fv3-cam/Ting.Lei/dr-debug/jedi-bundle/mpas/src/tools/input_gen/test_functions.c:29:13
    #2 0x5115be in generate_namelist /scratch3/NCEPDEV/fv3-cam/Ting.Lei/dr-debug/jedi-bundle/mpas/src/tools/input_gen/namelist_gen.c:106:16
    #3 0x51146f in main /scratch3/NCEPDEV/fv3-cam/Ting.Lei/dr-debug/jedi-bundle/mpas/src/tools/input_gen/namelist_gen.c:65:8
    #4 0x7f8a890125cf in __libc_start_call_main (/usr/lib64/libc.so.6+0x295cf) (BuildId: d09a919a085d10d01109d735dd5c5b710cae4b2c)

Direct leak of 67 byte(s) in 13 object(s) allocated from:
    #0 0x4b8efe in strdup (/scratch3/NCEPDEV/fv3-cam/Ting.Lei/dr-debug/jedi-bundle/build/bin/mpas_namelist_gen+0x4b8efe)
    #1 0x511824 in is_structure_writable /scratch3/NCEPDEV/fv3-cam/Ting.Lei/dr-debug/jedi-bundle/mpas/src/tools/input_gen/test_functions.c:29:13
    #2 0x511528 in generate_namelist /scratch3/NCEPDEV/fv3-cam/Ting.Lei/dr-debug/jedi-bundle/mpas/src/tools/input_gen/namelist_gen.c:92:18
    #3 0x51146f in main /scratch3/NCEPDEV/fv3-cam/Ting.Lei/dr-debug/jedi-bundle/mpas/src/tools/input_gen/namelist_gen.c:65:8
    #4 0x7f8a890125cf in __libc_start_call_main (/usr/lib64/libc.so.6+0x295cf) (BuildId: d09a919a085d10d01109d735dd5c5b710cae4b2c)

SUMMARY: AddressSanitizer: 2707 byte(s) leaked in 114 allocation(s).
make[2]: *** [mpas/src/core_atmosphere/CMakeFiles/gen_atmosphere.dir/build.make:109: mpas/src/core_atmosphere/namelist.atmosphere] Error 1
make[1]: *** [CMakeFiles/Makefile2:52953: mpas/src/core_atmosphere/CMakeFiles/gen_atmosphere.dir/all] Error 2
[ 14%] Built target gsibec
[ 17%] Built target oops
[ 20%] Built target fv3jedilm
[ 25%] Built target crtm
[ 33%] Built target mom6
make: *** [Makefile:166: all] Error 2
